2019-02-07 01:00:54,685 INFO org.springframework.test.context.support.AbstractTestContextBootstrapper [main] Neither @ContextConfiguration nor @ContextHierarchy found for test class [com.geekbrains.geekmarket.GeekMarketApplicationTests], using SpringBootContextLoader
2019-02-07 01:00:54,693 INFO org.springframework.test.context.support.AbstractContextLoader [main] Could not detect default resource locations for test class [com.geekbrains.geekmarket.GeekMarketApplicationTests]: no resource found for suffixes {-context.xml, Context.groovy}.
2019-02-07 01:00:54,694 INFO org.springframework.test.context.support.AnnotationConfigContextLoaderUtils [main] Could not detect default configuration classes for test class [com.geekbrains.geekmarket.GeekMarketApplicationTests]: GeekMarketApplicationTests does not declare any static, non-private, non-final, nested classes annotated with @Configuration.
2019-02-07 01:00:54,810 INFO org.springframework.boot.test.context.SpringBootTestContextBootstrapper [main] Found @SpringBootConfiguration com.geekbrains.geekmarket.GeekMarketApplication for test class com.geekbrains.geekmarket.GeekMarketApplicationTests
2019-02-07 01:00:54,900 INFO org.springframework.test.context.support.AbstractTestContextBootstrapper [main] Loaded default TestExecutionListener class names from location [META-INF/spring.factories]: [org.springframework.boot.test.mock.mockito.MockitoTestExecutionListener, org.springframework.boot.test.mock.mockito.ResetMocksTestExecutionListener, org.springframework.boot.test.autoconfigure.restdocs.RestDocsTestExecutionListener, org.springframework.boot.test.autoconfigure.web.client.MockRestServiceServerResetTestExecutionListener, org.springframework.boot.test.autoconfigure.web.servlet.MockMvcPrintOnlyOnFailureTestExecutionListener, org.springframework.boot.test.autoconfigure.web.servlet.WebDriverTestExecutionListener, org.springframework.test.context.web.ServletTestExecutionListener, org.springframework.test.context.support.DirtiesContextBeforeModesTestExecutionListener, org.springframework.test.context.support.DependencyInjectionTestExecutionListener, org.springframework.test.context.support.DirtiesContextTestExecutionListener, org.springframework.test.context.transaction.TransactionalTestExecutionListener, org.springframework.test.context.jdbc.SqlScriptsTestExecutionListener, org.springframework.security.test.context.support.WithSecurityContextTestExecutionListener, org.springframework.security.test.context.support.ReactorContextTestExecutionListener]
2019-02-07 01:00:54,924 INFO org.springframework.test.context.support.AbstractTestContextBootstrapper [main] Using TestExecutionListeners: [org.springframework.test.context.web.ServletTestExecutionListener@66d3eec0, org.springframework.test.context.support.DirtiesContextBeforeModesTestExecutionListener@1e04fa0a, org.springframework.boot.test.mock.mockito.MockitoTestExecutionListener@1af2d44a, org.springframework.boot.test.autoconfigure.SpringBootDependencyInjectionTestExecutionListener@18d87d80, org.springframework.test.context.support.DirtiesContextTestExecutionListener@618425b5, org.springframework.test.context.transaction.TransactionalTestExecutionListener@58695725, org.springframework.test.context.jdbc.SqlScriptsTestExecutionListener@543588e6, org.springframework.security.test.context.support.WithSecurityContextTestExecutionListener@f5acb9d, org.springframework.security.test.context.support.ReactorContextTestExecutionListener@4fb3ee4e, org.springframework.boot.test.mock.mockito.ResetMocksTestExecutionListener@5d7148e2, org.springframework.boot.test.autoconfigure.restdocs.RestDocsTestExecutionListener@25fb8912, org.springframework.boot.test.autoconfigure.web.client.MockRestServiceServerResetTestExecutionListener@7c24b813, org.springframework.boot.test.autoconfigure.web.servlet.MockMvcPrintOnlyOnFailureTestExecutionListener@2c35e847, org.springframework.boot.test.autoconfigure.web.servlet.WebDriverTestExecutionListener@7bd4937b]
2019-02-07 01:00:55,188 INFO org.springframework.boot.StartupInfoLogger [main] Starting GeekMarketApplicationTests on Ivanez_New with PID 12300 (started by Ivan in G:\Java\Projects\fisunov\lesson_5\geek-market)
2019-02-07 01:00:55,189 DEBUG org.springframework.boot.StartupInfoLogger [main] Running with Spring Boot v2.1.0.RELEASE, Spring v5.1.2.RELEASE
2019-02-07 01:00:55,192 INFO org.springframework.boot.SpringApplication [main] No active profile set, falling back to default profiles: default
2019-02-07 01:00:56,341 INFO org.springframework.data.repository.config.RepositoryConfigurationDelegate [main] Bootstrapping Spring Data repositories in DEFAULT mode.
2019-02-07 01:00:56,432 INFO org.springframework.data.repository.config.RepositoryConfigurationDelegate [main] Finished Spring Data repository scanning in 80ms. Found 7 repository interfaces.
2019-02-07 01:00:56,990 INFO org.springframework.context.support.PostProcessorRegistrationDelegate$BeanPostProcessorChecker [main] Bean 'org.springframework.transaction.annotation.ProxyTransactionManagementConfiguration' of type [org.springframework.transaction.annotation.ProxyTransactionManagementConfiguration$$EnhancerBySpringCGLIB$$a4596aa0] is not eligible for getting processed by all BeanPostProcessors (for example: not eligible for auto-proxying)
2019-02-07 01:00:57,167 INFO org.springframework.context.support.PostProcessorRegistrationDelegate$BeanPostProcessorChecker [main] Bean 'org.springframework.security.config.annotation.configuration.ObjectPostProcessorConfiguration' of type [org.springframework.security.config.annotation.configuration.ObjectPostProcessorConfiguration$$EnhancerBySpringCGLIB$$3d0732da] is not eligible for getting processed by all BeanPostProcessors (for example: not eligible for auto-proxying)
2019-02-07 01:00:57,178 INFO org.springframework.context.support.PostProcessorRegistrationDelegate$BeanPostProcessorChecker [main] Bean 'objectPostProcessor' of type [org.springframework.security.config.annotation.configuration.AutowireBeanFactoryObjectPostProcessor] is not eligible for getting processed by all BeanPostProcessors (for example: not eligible for auto-proxying)
2019-02-07 01:00:57,180 INFO org.springframework.context.support.PostProcessorRegistrationDelegate$BeanPostProcessorChecker [main] Bean 'org.springframework.security.access.expression.method.DefaultMethodSecurityExpressionHandler@69fe0ed4' of type [org.springframework.security.access.expression.method.DefaultMethodSecurityExpressionHandler] is not eligible for getting processed by all BeanPostProcessors (for example: not eligible for auto-proxying)
2019-02-07 01:00:57,187 INFO org.springframework.context.support.PostProcessorRegistrationDelegate$BeanPostProcessorChecker [main] Bean 'org.springframework.security.config.annotation.method.configuration.GlobalMethodSecurityConfiguration' of type [org.springframework.security.config.annotation.method.configuration.GlobalMethodSecurityConfiguration$$EnhancerBySpringCGLIB$$61dbd58c] is not eligible for getting processed by all BeanPostProcessors (for example: not eligible for auto-proxying)
2019-02-07 01:00:57,196 INFO org.springframework.context.support.PostProcessorRegistrationDelegate$BeanPostProcessorChecker [main] Bean 'methodSecurityMetadataSource' of type [org.springframework.security.access.method.DelegatingMethodSecurityMetadataSource] is not eligible for getting processed by all BeanPostProcessors (for example: not eligible for auto-proxying)
2019-02-07 01:00:57,361 INFO org.flywaydb.core.internal.logging.slf4j.Slf4jLog [main] Flyway Community Edition 5.2.1 by Boxfuse
2019-02-07 01:00:57,371 INFO com.zaxxer.hikari.HikariDataSource [main] HikariPool-1 - Starting...
2019-02-07 01:00:57,565 INFO com.zaxxer.hikari.HikariDataSource [main] HikariPool-1 - Start completed.
2019-02-07 01:00:57,567 INFO org.flywaydb.core.internal.logging.slf4j.Slf4jLog [main] Database: jdbc:mysql://localhost:3306/geek_market (MySQL 5.7)
2019-02-07 01:00:57,624 INFO org.flywaydb.core.internal.logging.slf4j.Slf4jLog [main] Successfully validated 1 migration (execution time 00:00.024s)
2019-02-07 01:00:57,632 INFO org.flywaydb.core.internal.logging.slf4j.Slf4jLog [main] Current version of schema `geek_market`: 1
2019-02-07 01:00:57,633 INFO org.flywaydb.core.internal.logging.slf4j.Slf4jLog [main] Schema `geek_market` is up to date. No migration necessary.
2019-02-07 01:00:57,833 INFO org.hibernate.jpa.internal.util.LogHelper [main] HHH000204: Processing PersistenceUnitInfo [
	name: default
	...]
2019-02-07 01:00:57,914 INFO org.hibernate.Version [main] HHH000412: Hibernate Core {5.3.7.Final}
2019-02-07 01:00:57,917 INFO org.hibernate.cfg.Environment [main] HHH000206: hibernate.properties not found
2019-02-07 01:00:58,064 INFO org.hibernate.annotations.common.reflection.java.JavaReflectionManager [main] HCANN000001: Hibernate Commons Annotations {5.0.4.Final}
2019-02-07 01:00:58,363 INFO org.hibernate.dialect.Dialect [main] HHH000400: Using dialect: org.hibernate.dialect.MySQL5Dialect
2019-02-07 01:00:59,196 INFO org.springframework.orm.jpa.AbstractEntityManagerFactoryBean [main] Initialized JPA EntityManagerFactory for persistence unit 'default'
2019-02-07 01:01:00,392 INFO org.springframework.scheduling.concurrent.ExecutorConfigurationSupport [main] Initializing ExecutorService 'applicationTaskExecutor'
2019-02-07 01:01:00,454 WARN org.springframework.boot.autoconfigure.orm.jpa.JpaBaseConfiguration$JpaWebConfiguration$JpaWebMvcConfiguration [main] spring.jpa.open-in-view is enabled by default. Therefore, database queries may be performed during view rendering. Explicitly configure spring.jpa.open-in-view to disable this warning
2019-02-07 01:01:00,699 INFO org.springframework.boot.autoconfigure.web.servlet.WelcomePageHandlerMapping [main] Adding welcome page template: index
2019-02-07 01:01:00,988 INFO org.springframework.security.web.DefaultSecurityFilterChain [main] Creating filter chain: any request, [org.springframework.security.web.context.request.async.WebAsyncManagerIntegrationFilter@b2d8dcd, org.springframework.security.web.context.SecurityContextPersistenceFilter@1f547af8, org.springframework.security.web.header.HeaderWriterFilter@7c03f9d0, org.springframework.security.web.csrf.CsrfFilter@3b42b729, org.springframework.security.web.authentication.logout.LogoutFilter@60c4cf2b, org.springframework.security.web.authentication.UsernamePasswordAuthenticationFilter@3a116ca6, org.springframework.security.web.savedrequest.RequestCacheAwareFilter@5d15789f, org.springframework.security.web.servletapi.SecurityContextHolderAwareRequestFilter@4cf5d999, org.springframework.security.web.authentication.AnonymousAuthenticationFilter@1c98fe6f, org.springframework.security.web.session.SessionManagementFilter@17189618, org.springframework.security.web.access.ExceptionTranslationFilter@5f5923ef, org.springframework.security.web.access.intercept.FilterSecurityInterceptor@3636f2a7]
2019-02-07 01:01:02,185 INFO org.springframework.boot.actuate.endpoint.web.EndpointLinksResolver [main] Exposing 16 endpoint(s) beneath base path '/actuator'
2019-02-07 01:01:02,404 INFO org.springframework.boot.StartupInfoLogger [main] Started GeekMarketApplicationTests in 7.446 seconds (JVM running for 8.39)
2019-02-07 01:01:02,574 INFO org.springframework.scheduling.concurrent.ExecutorConfigurationSupport [Thread-4] Shutting down ExecutorService 'applicationTaskExecutor'
2019-02-07 01:01:02,577 INFO org.springframework.orm.jpa.AbstractEntityManagerFactoryBean [Thread-4] Closing JPA EntityManagerFactory for persistence unit 'default'
2019-02-07 01:01:02,581 INFO com.zaxxer.hikari.HikariDataSource [Thread-4] HikariPool-1 - Shutdown initiated...
2019-02-07 01:01:02,584 INFO com.zaxxer.hikari.HikariDataSource [Thread-4] HikariPool-1 - Shutdown completed.
2019-02-07 01:02:25,769 INFO org.springframework.test.context.support.AbstractTestContextBootstrapper [main] Neither @ContextConfiguration nor @ContextHierarchy found for test class [com.geekbrains.geekmarket.GeekMarketApplicationTests], using SpringBootContextLoader
2019-02-07 01:02:25,773 INFO org.springframework.test.context.support.AbstractContextLoader [main] Could not detect default resource locations for test class [com.geekbrains.geekmarket.GeekMarketApplicationTests]: no resource found for suffixes {-context.xml, Context.groovy}.
2019-02-07 01:02:25,773 INFO org.springframework.test.context.support.AnnotationConfigContextLoaderUtils [main] Could not detect default configuration classes for test class [com.geekbrains.geekmarket.GeekMarketApplicationTests]: GeekMarketApplicationTests does not declare any static, non-private, non-final, nested classes annotated with @Configuration.
2019-02-07 01:02:25,870 INFO org.springframework.boot.test.context.SpringBootTestContextBootstrapper [main] Found @SpringBootConfiguration com.geekbrains.geekmarket.GeekMarketApplication for test class com.geekbrains.geekmarket.GeekMarketApplicationTests
2019-02-07 01:02:25,951 INFO org.springframework.test.context.support.AbstractTestContextBootstrapper [main] Loaded default TestExecutionListener class names from location [META-INF/spring.factories]: [org.springframework.boot.test.mock.mockito.MockitoTestExecutionListener, org.springframework.boot.test.mock.mockito.ResetMocksTestExecutionListener, org.springframework.boot.test.autoconfigure.restdocs.RestDocsTestExecutionListener, org.springframework.boot.test.autoconfigure.web.client.MockRestServiceServerResetTestExecutionListener, org.springframework.boot.test.autoconfigure.web.servlet.MockMvcPrintOnlyOnFailureTestExecutionListener, org.springframework.boot.test.autoconfigure.web.servlet.WebDriverTestExecutionListener, org.springframework.test.context.web.ServletTestExecutionListener, org.springframework.test.context.support.DirtiesContextBeforeModesTestExecutionListener, org.springframework.test.context.support.DependencyInjectionTestExecutionListener, org.springframework.test.context.support.DirtiesContextTestExecutionListener, org.springframework.test.context.transaction.TransactionalTestExecutionListener, org.springframework.test.context.jdbc.SqlScriptsTestExecutionListener, org.springframework.security.test.context.support.WithSecurityContextTestExecutionListener, org.springframework.security.test.context.support.ReactorContextTestExecutionListener]
2019-02-07 01:02:25,976 INFO org.springframework.test.context.support.AbstractTestContextBootstrapper [main] Using TestExecutionListeners: [org.springframework.test.context.web.ServletTestExecutionListener@66d3eec0, org.springframework.test.context.support.DirtiesContextBeforeModesTestExecutionListener@1e04fa0a, org.springframework.boot.test.mock.mockito.MockitoTestExecutionListener@1af2d44a, org.springframework.boot.test.autoconfigure.SpringBootDependencyInjectionTestExecutionListener@18d87d80, org.springframework.test.context.support.DirtiesContextTestExecutionListener@618425b5, org.springframework.test.context.transaction.TransactionalTestExecutionListener@58695725, org.springframework.test.context.jdbc.SqlScriptsTestExecutionListener@543588e6, org.springframework.security.test.context.support.WithSecurityContextTestExecutionListener@f5acb9d, org.springframework.security.test.context.support.ReactorContextTestExecutionListener@4fb3ee4e, org.springframework.boot.test.mock.mockito.ResetMocksTestExecutionListener@5d7148e2, org.springframework.boot.test.autoconfigure.restdocs.RestDocsTestExecutionListener@25fb8912, org.springframework.boot.test.autoconfigure.web.client.MockRestServiceServerResetTestExecutionListener@7c24b813, org.springframework.boot.test.autoconfigure.web.servlet.MockMvcPrintOnlyOnFailureTestExecutionListener@2c35e847, org.springframework.boot.test.autoconfigure.web.servlet.WebDriverTestExecutionListener@7bd4937b]
2019-02-07 01:02:26,240 INFO org.springframework.boot.StartupInfoLogger [main] Starting GeekMarketApplicationTests on Ivanez_New with PID 13764 (started by Ivan in G:\Java\Projects\fisunov\lesson_5\geek-market)
2019-02-07 01:02:26,240 DEBUG org.springframework.boot.StartupInfoLogger [main] Running with Spring Boot v2.1.0.RELEASE, Spring v5.1.2.RELEASE
2019-02-07 01:02:26,240 INFO org.springframework.boot.SpringApplication [main] No active profile set, falling back to default profiles: default
2019-02-07 01:02:27,274 INFO org.springframework.data.repository.config.RepositoryConfigurationDelegate [main] Bootstrapping Spring Data repositories in DEFAULT mode.
2019-02-07 01:02:27,366 INFO org.springframework.data.repository.config.RepositoryConfigurationDelegate [main] Finished Spring Data repository scanning in 92ms. Found 7 repository interfaces.
2019-02-07 01:02:27,890 INFO org.springframework.context.support.PostProcessorRegistrationDelegate$BeanPostProcessorChecker [main] Bean 'org.springframework.transaction.annotation.ProxyTransactionManagementConfiguration' of type [org.springframework.transaction.annotation.ProxyTransactionManagementConfiguration$$EnhancerBySpringCGLIB$$a4596aa0] is not eligible for getting processed by all BeanPostProcessors (for example: not eligible for auto-proxying)
2019-02-07 01:02:28,068 INFO org.springframework.context.support.PostProcessorRegistrationDelegate$BeanPostProcessorChecker [main] Bean 'org.springframework.security.config.annotation.configuration.ObjectPostProcessorConfiguration' of type [org.springframework.security.config.annotation.configuration.ObjectPostProcessorConfiguration$$EnhancerBySpringCGLIB$$3d0732da] is not eligible for getting processed by all BeanPostProcessors (for example: not eligible for auto-proxying)
2019-02-07 01:02:28,078 INFO org.springframework.context.support.PostProcessorRegistrationDelegate$BeanPostProcessorChecker [main] Bean 'objectPostProcessor' of type [org.springframework.security.config.annotation.configuration.AutowireBeanFactoryObjectPostProcessor] is not eligible for getting processed by all BeanPostProcessors (for example: not eligible for auto-proxying)
2019-02-07 01:02:28,085 INFO org.springframework.context.support.PostProcessorRegistrationDelegate$BeanPostProcessorChecker [main] Bean 'org.springframework.security.access.expression.method.DefaultMethodSecurityExpressionHandler@20ab3e3a' of type [org.springframework.security.access.expression.method.DefaultMethodSecurityExpressionHandler] is not eligible for getting processed by all BeanPostProcessors (for example: not eligible for auto-proxying)
2019-02-07 01:02:28,089 INFO org.springframework.context.support.PostProcessorRegistrationDelegate$BeanPostProcessorChecker [main] Bean 'org.springframework.security.config.annotation.method.configuration.GlobalMethodSecurityConfiguration' of type [org.springframework.security.config.annotation.method.configuration.GlobalMethodSecurityConfiguration$$EnhancerBySpringCGLIB$$61dbd58c] is not eligible for getting processed by all BeanPostProcessors (for example: not eligible for auto-proxying)
2019-02-07 01:02:28,102 INFO org.springframework.context.support.PostProcessorRegistrationDelegate$BeanPostProcessorChecker [main] Bean 'methodSecurityMetadataSource' of type [org.springframework.security.access.method.DelegatingMethodSecurityMetadataSource] is not eligible for getting processed by all BeanPostProcessors (for example: not eligible for auto-proxying)
2019-02-07 01:02:28,258 INFO org.flywaydb.core.internal.logging.slf4j.Slf4jLog [main] Flyway Community Edition 5.2.1 by Boxfuse
2019-02-07 01:02:28,262 INFO com.zaxxer.hikari.HikariDataSource [main] HikariPool-1 - Starting...
2019-02-07 01:02:28,451 INFO com.zaxxer.hikari.HikariDataSource [main] HikariPool-1 - Start completed.
2019-02-07 01:02:28,455 INFO org.flywaydb.core.internal.logging.slf4j.Slf4jLog [main] Database: jdbc:mysql://localhost:3306/geek_market (MySQL 5.7)
2019-02-07 01:02:28,522 INFO org.flywaydb.core.internal.logging.slf4j.Slf4jLog [main] Successfully validated 1 migration (execution time 00:00.023s)
2019-02-07 01:02:28,531 INFO org.flywaydb.core.internal.logging.slf4j.Slf4jLog [main] Current version of schema `geek_market`: 1
2019-02-07 01:02:28,531 INFO org.flywaydb.core.internal.logging.slf4j.Slf4jLog [main] Schema `geek_market` is up to date. No migration necessary.
2019-02-07 01:02:28,719 INFO org.hibernate.jpa.internal.util.LogHelper [main] HHH000204: Processing PersistenceUnitInfo [
	name: default
	...]
2019-02-07 01:02:28,800 INFO org.hibernate.Version [main] HHH000412: Hibernate Core {5.3.7.Final}
2019-02-07 01:02:28,800 INFO org.hibernate.cfg.Environment [main] HHH000206: hibernate.properties not found
2019-02-07 01:02:28,987 INFO org.hibernate.annotations.common.reflection.java.JavaReflectionManager [main] HCANN000001: Hibernate Commons Annotations {5.0.4.Final}
2019-02-07 01:02:29,230 INFO org.hibernate.dialect.Dialect [main] HHH000400: Using dialect: org.hibernate.dialect.MySQL5Dialect
2019-02-07 01:02:29,858 INFO org.springframework.orm.jpa.AbstractEntityManagerFactoryBean [main] Initialized JPA EntityManagerFactory for persistence unit 'default'
2019-02-07 01:02:30,982 INFO org.springframework.scheduling.concurrent.ExecutorConfigurationSupport [main] Initializing ExecutorService 'applicationTaskExecutor'
2019-02-07 01:02:31,038 WARN org.springframework.boot.autoconfigure.orm.jpa.JpaBaseConfiguration$JpaWebConfiguration$JpaWebMvcConfiguration [main] spring.jpa.open-in-view is enabled by default. Therefore, database queries may be performed during view rendering. Explicitly configure spring.jpa.open-in-view to disable this warning
2019-02-07 01:02:31,255 INFO org.springframework.boot.autoconfigure.web.servlet.WelcomePageHandlerMapping [main] Adding welcome page template: index
2019-02-07 01:02:31,632 INFO org.springframework.security.web.DefaultSecurityFilterChain [main] Creating filter chain: any request, [org.springframework.security.web.context.request.async.WebAsyncManagerIntegrationFilter@6b899971, org.springframework.security.web.context.SecurityContextPersistenceFilter@983050b, org.springframework.security.web.header.HeaderWriterFilter@7381d6f0, org.springframework.security.web.csrf.CsrfFilter@5100c143, org.springframework.security.web.authentication.logout.LogoutFilter@65a80fdb, org.springframework.security.web.authentication.UsernamePasswordAuthenticationFilter@64540344, org.springframework.security.web.savedrequest.RequestCacheAwareFilter@1f547af8, org.springframework.security.web.servletapi.SecurityContextHolderAwareRequestFilter@3e2578ea, org.springframework.security.web.authentication.AnonymousAuthenticationFilter@453a30f8, org.springframework.security.web.session.SessionManagementFilter@7c03f9d0, org.springframework.security.web.access.ExceptionTranslationFilter@7c840fe3, org.springframework.security.web.access.intercept.FilterSecurityInterceptor@4a0c512b]
2019-02-07 01:02:32,699 INFO org.springframework.boot.actuate.endpoint.web.EndpointLinksResolver [main] Exposing 16 endpoint(s) beneath base path '/actuator'
2019-02-07 01:02:32,871 INFO org.springframework.boot.StartupInfoLogger [main] Started GeekMarketApplicationTests in 6.862 seconds (JVM running for 7.703)
2019-02-07 01:02:32,983 INFO org.springframework.scheduling.concurrent.ExecutorConfigurationSupport [Thread-4] Shutting down ExecutorService 'applicationTaskExecutor'
2019-02-07 01:02:32,983 INFO org.springframework.orm.jpa.AbstractEntityManagerFactoryBean [Thread-4] Closing JPA EntityManagerFactory for persistence unit 'default'
2019-02-07 01:02:32,990 INFO com.zaxxer.hikari.HikariDataSource [Thread-4] HikariPool-1 - Shutdown initiated...
2019-02-07 01:02:32,993 INFO com.zaxxer.hikari.HikariDataSource [Thread-4] HikariPool-1 - Shutdown completed.
