2019-01-25 02:46:59,949 INFO org.springframework.boot.StartupInfoLogger [main] Starting GeekMarketApplication on Ivanez_New with PID 15980 (G:\GitHub\geek-market\target\classes started by Ivan in G:\GitHub\geek-market)
2019-01-25 02:46:59,969 DEBUG org.springframework.boot.StartupInfoLogger [main] Running with Spring Boot v2.1.0.RELEASE, Spring v5.1.2.RELEASE
2019-01-25 02:46:59,969 INFO org.springframework.boot.SpringApplication [main] No active profile set, falling back to default profiles: default
2019-01-25 02:47:01,194 INFO org.springframework.data.repository.config.RepositoryConfigurationDelegate [main] Bootstrapping Spring Data repositories in DEFAULT mode.
2019-01-25 02:47:01,274 INFO org.springframework.data.repository.config.RepositoryConfigurationDelegate [main] Finished Spring Data repository scanning in 70ms. Found 7 repository interfaces.
2019-01-25 02:47:01,753 INFO org.springframework.context.support.PostProcessorRegistrationDelegate$BeanPostProcessorChecker [main] Bean 'org.springframework.transaction.annotation.ProxyTransactionManagementConfiguration' of type [org.springframework.transaction.annotation.ProxyTransactionManagementConfiguration$$EnhancerBySpringCGLIB$$fc8f9e0f] is not eligible for getting processed by all BeanPostProcessors (for example: not eligible for auto-proxying)
2019-01-25 02:47:01,857 INFO org.springframework.context.support.PostProcessorRegistrationDelegate$BeanPostProcessorChecker [main] Bean 'org.springframework.security.config.annotation.configuration.ObjectPostProcessorConfiguration' of type [org.springframework.security.config.annotation.configuration.ObjectPostProcessorConfiguration$$EnhancerBySpringCGLIB$$953d6649] is not eligible for getting processed by all BeanPostProcessors (for example: not eligible for auto-proxying)
2019-01-25 02:47:01,864 INFO org.springframework.context.support.PostProcessorRegistrationDelegate$BeanPostProcessorChecker [main] Bean 'objectPostProcessor' of type [org.springframework.security.config.annotation.configuration.AutowireBeanFactoryObjectPostProcessor] is not eligible for getting processed by all BeanPostProcessors (for example: not eligible for auto-proxying)
2019-01-25 02:47:01,866 INFO org.springframework.context.support.PostProcessorRegistrationDelegate$BeanPostProcessorChecker [main] Bean 'org.springframework.security.access.expression.method.DefaultMethodSecurityExpressionHandler@78525ef9' of type [org.springframework.security.access.expression.method.DefaultMethodSecurityExpressionHandler] is not eligible for getting processed by all BeanPostProcessors (for example: not eligible for auto-proxying)
2019-01-25 02:47:01,870 INFO org.springframework.context.support.PostProcessorRegistrationDelegate$BeanPostProcessorChecker [main] Bean 'org.springframework.security.config.annotation.method.configuration.GlobalMethodSecurityConfiguration' of type [org.springframework.security.config.annotation.method.configuration.GlobalMethodSecurityConfiguration$$EnhancerBySpringCGLIB$$ba1208fb] is not eligible for getting processed by all BeanPostProcessors (for example: not eligible for auto-proxying)
2019-01-25 02:47:01,876 INFO org.springframework.context.support.PostProcessorRegistrationDelegate$BeanPostProcessorChecker [main] Bean 'methodSecurityMetadataSource' of type [org.springframework.security.access.method.DelegatingMethodSecurityMetadataSource] is not eligible for getting processed by all BeanPostProcessors (for example: not eligible for auto-proxying)
2019-01-25 02:47:02,402 INFO org.springframework.boot.web.embedded.tomcat.TomcatWebServer [main] Tomcat initialized with port(s): 8189 (http)
2019-01-25 02:47:02,416 INFO org.apache.juli.logging.DirectJDKLog [main] Initializing ProtocolHandler ["http-nio-8189"]
2019-01-25 02:47:02,423 INFO org.apache.juli.logging.DirectJDKLog [main] Starting service [Tomcat]
2019-01-25 02:47:02,423 INFO org.apache.juli.logging.DirectJDKLog [main] Starting Servlet Engine: Apache Tomcat/9.0.12
2019-01-25 02:47:02,433 INFO org.apache.juli.logging.DirectJDKLog [main] The APR based Apache Tomcat Native library which allows optimal performance in production environments was not found on the java.library.path: [G:\Java\jdk1.8.0_144\bin;C:\WINDOWS\Sun\Java\bin;C:\WINDOWS\system32;C:\WINDOWS;C:\ProgramData\Oracle\Java\javapath;C:\Program Files (x86)\Intel\iCLS Client\;C:\Program Files\Intel\iCLS Client\;C:\Windows\system32;C:\Windows;C:\Windows\System32\Wbem;C:\Windows\System32\WindowsPowerShell\v1.0\;C:\Program Files\Intel\Intel(R) Management Engine Components\DAL;C:\Program Files\Intel\Intel(R) Management Engine Components\IPT;C:\Program Files (x86)\Intel\Intel(R) Management Engine Components\DAL;C:\Program Files (x86)\Intel\Intel(R) Management Engine Components\IPT;C:\Program Files (x86)\Paragon Software\Paragon ExtFS for Windows;C:\Program Files (x86)\NVIDIA Corporation\PhysX\Common;C:\Program Files (x86)\QuickTime\QTSystem\;C:\WINDOWS\system32;C:\WINDOWS;C:\WINDOWS\System32\Wbem;C:\WINDOWS\System32\WindowsPowerShell\v1.0\;C:\Program Files (x86)\Skype\Phone\;C:\Program Files\PuTTY\;C:\Program Files\MySQL\MySQL Utilities 1.6\;C:\Program Files (x86)\IVI Foundation\VISA\WinNT\Bin;C:\Program Files\WIDCOMM\Bluetooth Software\;C:\Program Files\WIDCOMM\Bluetooth Software\syswow64;G:\FPC\2.6.4\bin\i386-Win32;G:\Git\cmd;C:\WINDOWS\System32\OpenSSH\;C:\Program Files\nodejs\;C:\Program Files\Java\jdk1.8.0_152\bin;G:\apache-maven-3.5.4\bin;C:\Program Files (x86)\Brackets\command;C:\Users\Ivan\AppData\Local\Microsoft\WindowsApps;C:\Users\Ivan\AppData\Local\GitHubDesktop\bin;C:\Users\Ivan\AppData\Local\Microsoft\WindowsApps;C:\Users\Ivan\AppData\Roaming\npm;;G:\Microsoft VS Code\bin;.]
2019-01-25 02:47:02,545 INFO org.apache.juli.logging.DirectJDKLog [main] Initializing Spring embedded WebApplicationContext
2019-01-25 02:47:02,546 INFO org.springframework.boot.web.servlet.context.ServletWebServerApplicationContext [main] Root WebApplicationContext: initialization completed in 2506 ms
2019-01-25 02:47:02,962 INFO org.springframework.boot.web.servlet.AbstractFilterRegistrationBean [main] Mapping filter: 'characterEncodingFilter' to: [/*]
2019-01-25 02:47:02,962 INFO org.springframework.boot.web.servlet.AbstractFilterRegistrationBean [main] Mapping filter: 'webMvcMetricsFilter' to: [/*]
2019-01-25 02:47:02,962 INFO org.springframework.boot.web.servlet.AbstractFilterRegistrationBean [main] Mapping filter: 'hiddenHttpMethodFilter' to: [/*]
2019-01-25 02:47:02,962 INFO org.springframework.boot.web.servlet.AbstractFilterRegistrationBean [main] Mapping filter: 'formContentFilter' to: [/*]
2019-01-25 02:47:02,962 INFO org.springframework.boot.web.servlet.AbstractFilterRegistrationBean [main] Mapping filter: 'requestContextFilter' to: [/*]
2019-01-25 02:47:02,962 INFO org.springframework.boot.web.servlet.AbstractFilterRegistrationBean [main] Mapping filter: 'springSecurityFilterChain' to: [/*]
2019-01-25 02:47:02,962 INFO org.springframework.boot.web.servlet.AbstractFilterRegistrationBean [main] Mapping filter: 'httpTraceFilter' to: [/*]
2019-01-25 02:47:02,962 INFO org.springframework.boot.web.servlet.ServletRegistrationBean [main] Servlet dispatcherServlet mapped to [/]
2019-01-25 02:47:03,036 INFO org.flywaydb.core.internal.logging.slf4j.Slf4jLog [main] Flyway Community Edition 5.2.1 by Boxfuse
2019-01-25 02:47:03,046 INFO com.zaxxer.hikari.HikariDataSource [main] HikariPool-1 - Starting...
2019-01-25 02:47:03,247 INFO com.zaxxer.hikari.HikariDataSource [main] HikariPool-1 - Start completed.
2019-01-25 02:47:03,255 INFO org.flywaydb.core.internal.logging.slf4j.Slf4jLog [main] Database: jdbc:mysql://localhost:3306/geek_market (MySQL 5.7)
2019-01-25 02:47:03,328 INFO org.flywaydb.core.internal.logging.slf4j.Slf4jLog [main] Successfully validated 1 migration (execution time 00:00.029s)
2019-01-25 02:47:03,357 INFO org.flywaydb.core.internal.logging.slf4j.Slf4jLog [main] Creating Schema History table: `geek_market`.`flyway_schema_history`
2019-01-25 02:47:03,572 INFO org.flywaydb.core.internal.logging.slf4j.Slf4jLog [main] Current version of schema `geek_market`: << Empty Schema >>
2019-01-25 02:47:03,573 INFO org.flywaydb.core.internal.logging.slf4j.Slf4jLog [main] Migrating schema `geek_market` to version 1 - initialize
2019-01-25 02:47:03,575 WARN org.flywaydb.core.internal.logging.slf4j.Slf4jLog [main] DB: Unknown table 'geek_market.users' (SQL State: 42S02 - Error Code: 1051)
2019-01-25 02:47:03,694 WARN org.flywaydb.core.internal.logging.slf4j.Slf4jLog [main] DB: Unknown table 'geek_market.roles' (SQL State: 42S02 - Error Code: 1051)
2019-01-25 02:47:03,809 WARN org.flywaydb.core.internal.logging.slf4j.Slf4jLog [main] DB: Unknown table 'geek_market.users_roles' (SQL State: 42S02 - Error Code: 1051)
2019-01-25 02:47:03,957 WARN org.flywaydb.core.internal.logging.slf4j.Slf4jLog [main] DB: Unknown table 'geek_market.categories' (SQL State: 42S02 - Error Code: 1051)
2019-01-25 02:47:04,073 WARN org.flywaydb.core.internal.logging.slf4j.Slf4jLog [main] DB: Unknown table 'geek_market.products' (SQL State: 42S02 - Error Code: 1051)
2019-01-25 02:47:04,205 WARN org.flywaydb.core.internal.logging.slf4j.Slf4jLog [main] DB: Unknown table 'geek_market.orders_statuses' (SQL State: 42S02 - Error Code: 1051)
2019-01-25 02:47:04,327 WARN org.flywaydb.core.internal.logging.slf4j.Slf4jLog [main] DB: Unknown table 'geek_market.orders' (SQL State: 42S02 - Error Code: 1051)
2019-01-25 02:47:04,479 WARN org.flywaydb.core.internal.logging.slf4j.Slf4jLog [main] DB: Unknown table 'geek_market.orders_item' (SQL State: 42S02 - Error Code: 1051)
2019-01-25 02:47:04,729 INFO org.flywaydb.core.internal.logging.slf4j.Slf4jLog [main] Successfully applied 1 migration to schema `geek_market` (execution time 00:01.373s)
2019-01-25 02:47:04,855 INFO org.hibernate.jpa.internal.util.LogHelper [main] HHH000204: Processing PersistenceUnitInfo [
	name: default
	...]
2019-01-25 02:47:04,926 INFO org.hibernate.Version [main] HHH000412: Hibernate Core {5.3.7.Final}
2019-01-25 02:47:04,926 INFO org.hibernate.cfg.Environment [main] HHH000206: hibernate.properties not found
2019-01-25 02:47:05,119 INFO org.hibernate.annotations.common.reflection.java.JavaReflectionManager [main] HCANN000001: Hibernate Commons Annotations {5.0.4.Final}
2019-01-25 02:47:05,282 INFO org.hibernate.dialect.Dialect [main] HHH000400: Using dialect: org.hibernate.dialect.MySQL5Dialect
2019-01-25 02:47:06,094 INFO org.springframework.orm.jpa.AbstractEntityManagerFactoryBean [main] Initialized JPA EntityManagerFactory for persistence unit 'default'
2019-01-25 02:47:06,893 INFO org.springframework.scheduling.concurrent.ExecutorConfigurationSupport [main] Initializing ExecutorService 'applicationTaskExecutor'
2019-01-25 02:47:06,944 WARN org.springframework.boot.autoconfigure.orm.jpa.JpaBaseConfiguration$JpaWebConfiguration$JpaWebMvcConfiguration [main] spring.jpa.open-in-view is enabled by default. Therefore, database queries may be performed during view rendering. Explicitly configure spring.jpa.open-in-view to disable this warning
2019-01-25 02:47:07,086 INFO org.springframework.boot.autoconfigure.web.servlet.WelcomePageHandlerMapping [main] Adding welcome page template: index
2019-01-25 02:47:07,252 INFO org.springframework.security.web.DefaultSecurityFilterChain [main] Creating filter chain: any request, [org.springframework.security.web.context.request.async.WebAsyncManagerIntegrationFilter@40b01718, org.springframework.security.web.context.SecurityContextPersistenceFilter@26f204a4, org.springframework.security.web.header.HeaderWriterFilter@999cd18, org.springframework.security.web.csrf.CsrfFilter@681b42d3, org.springframework.security.web.authentication.logout.LogoutFilter@70e1aa20, org.springframework.security.web.authentication.UsernamePasswordAuthenticationFilter@30eb55c9, org.springframework.security.web.savedrequest.RequestCacheAwareFilter@4e671ef, org.springframework.security.web.servletapi.SecurityContextHolderAwareRequestFilter@25c6ab3f, org.springframework.security.web.authentication.AnonymousAuthenticationFilter@6d4c18b8, org.springframework.security.web.session.SessionManagementFilter@df432ec, org.springframework.security.web.access.ExceptionTranslationFilter@645c9f0f, org.springframework.security.web.access.intercept.FilterSecurityInterceptor@29ba63f0]
2019-01-25 02:47:07,466 INFO org.springframework.boot.actuate.endpoint.web.EndpointLinksResolver [main] Exposing 16 endpoint(s) beneath base path '/actuator'
2019-01-25 02:47:07,544 INFO org.apache.juli.logging.DirectJDKLog [main] Starting ProtocolHandler ["http-nio-8189"]
2019-01-25 02:47:07,553 INFO org.apache.juli.logging.DirectJDKLog [main] Using a shared selector for servlet write/read
2019-01-25 02:47:07,572 INFO org.springframework.boot.web.embedded.tomcat.TomcatWebServer [main] Tomcat started on port(s): 8189 (http) with context path '/geekmarket'
2019-01-25 02:47:07,575 INFO org.springframework.boot.StartupInfoLogger [main] Started GeekMarketApplication in 8.057 seconds (JVM running for 8.781)
