2019-01-30 19:05:00,883 INFO org.springframework.boot.StartupInfoLogger [main] Starting GeekMarketApplication on Ivanez_New with PID 29580 (G:\Java\Projects\fisunov\lesson_5\geek-market\target\classes started by Ivan in G:\Java\Projects\fisunov\lesson_5\geek-market)
2019-01-30 19:05:00,890 DEBUG org.springframework.boot.StartupInfoLogger [main] Running with Spring Boot v2.1.0.RELEASE, Spring v5.1.2.RELEASE
2019-01-30 19:05:00,893 INFO org.springframework.boot.SpringApplication [main] No active profile set, falling back to default profiles: default
2019-01-30 19:05:02,235 INFO org.springframework.data.repository.config.RepositoryConfigurationDelegate [main] Bootstrapping Spring Data repositories in DEFAULT mode.
2019-01-30 19:05:02,324 INFO org.springframework.data.repository.config.RepositoryConfigurationDelegate [main] Finished Spring Data repository scanning in 81ms. Found 7 repository interfaces.
2019-01-30 19:05:02,853 INFO org.springframework.context.support.PostProcessorRegistrationDelegate$BeanPostProcessorChecker [main] Bean 'org.springframework.transaction.annotation.ProxyTransactionManagementConfiguration' of type [org.springframework.transaction.annotation.ProxyTransactionManagementConfiguration$$EnhancerBySpringCGLIB$$df3282d2] is not eligible for getting processed by all BeanPostProcessors (for example: not eligible for auto-proxying)
2019-01-30 19:05:02,957 INFO org.springframework.context.support.PostProcessorRegistrationDelegate$BeanPostProcessorChecker [main] Bean 'org.springframework.security.config.annotation.configuration.ObjectPostProcessorConfiguration' of type [org.springframework.security.config.annotation.configuration.ObjectPostProcessorConfiguration$$EnhancerBySpringCGLIB$$77e04b0c] is not eligible for getting processed by all BeanPostProcessors (for example: not eligible for auto-proxying)
2019-01-30 19:05:02,965 INFO org.springframework.context.support.PostProcessorRegistrationDelegate$BeanPostProcessorChecker [main] Bean 'objectPostProcessor' of type [org.springframework.security.config.annotation.configuration.AutowireBeanFactoryObjectPostProcessor] is not eligible for getting processed by all BeanPostProcessors (for example: not eligible for auto-proxying)
2019-01-30 19:05:02,968 INFO org.springframework.context.support.PostProcessorRegistrationDelegate$BeanPostProcessorChecker [main] Bean 'org.springframework.security.access.expression.method.DefaultMethodSecurityExpressionHandler@1dc76fa1' of type [org.springframework.security.access.expression.method.DefaultMethodSecurityExpressionHandler] is not eligible for getting processed by all BeanPostProcessors (for example: not eligible for auto-proxying)
2019-01-30 19:05:02,973 INFO org.springframework.context.support.PostProcessorRegistrationDelegate$BeanPostProcessorChecker [main] Bean 'org.springframework.security.config.annotation.method.configuration.GlobalMethodSecurityConfiguration' of type [org.springframework.security.config.annotation.method.configuration.GlobalMethodSecurityConfiguration$$EnhancerBySpringCGLIB$$9cb4edbe] is not eligible for getting processed by all BeanPostProcessors (for example: not eligible for auto-proxying)
2019-01-30 19:05:02,980 INFO org.springframework.context.support.PostProcessorRegistrationDelegate$BeanPostProcessorChecker [main] Bean 'methodSecurityMetadataSource' of type [org.springframework.security.access.method.DelegatingMethodSecurityMetadataSource] is not eligible for getting processed by all BeanPostProcessors (for example: not eligible for auto-proxying)
2019-01-30 19:05:03,462 INFO org.springframework.boot.web.embedded.tomcat.TomcatWebServer [main] Tomcat initialized with port(s): 8189 (http)
2019-01-30 19:05:03,476 INFO org.apache.juli.logging.DirectJDKLog [main] Initializing ProtocolHandler ["http-nio-8189"]
2019-01-30 19:05:03,483 INFO org.apache.juli.logging.DirectJDKLog [main] Starting service [Tomcat]
2019-01-30 19:05:03,483 INFO org.apache.juli.logging.DirectJDKLog [main] Starting Servlet Engine: Apache Tomcat/9.0.12
2019-01-30 19:05:03,492 INFO org.apache.juli.logging.DirectJDKLog [main] The APR based Apache Tomcat Native library which allows optimal performance in production environments was not found on the java.library.path: [G:\Java\jdk1.8.0_144\bin;C:\WINDOWS\Sun\Java\bin;C:\WINDOWS\system32;C:\WINDOWS;C:\ProgramData\Oracle\Java\javapath;C:\Program Files (x86)\Intel\iCLS Client\;C:\Program Files\Intel\iCLS Client\;C:\Windows\system32;C:\Windows;C:\Windows\System32\Wbem;C:\Windows\System32\WindowsPowerShell\v1.0\;C:\Program Files\Intel\Intel(R) Management Engine Components\DAL;C:\Program Files\Intel\Intel(R) Management Engine Components\IPT;C:\Program Files (x86)\Intel\Intel(R) Management Engine Components\DAL;C:\Program Files (x86)\Intel\Intel(R) Management Engine Components\IPT;C:\Program Files (x86)\Paragon Software\Paragon ExtFS for Windows;C:\Program Files (x86)\NVIDIA Corporation\PhysX\Common;C:\Program Files (x86)\QuickTime\QTSystem\;C:\WINDOWS\system32;C:\WINDOWS;C:\WINDOWS\System32\Wbem;C:\WINDOWS\System32\WindowsPowerShell\v1.0\;C:\Program Files (x86)\Skype\Phone\;C:\Program Files\PuTTY\;C:\Program Files\MySQL\MySQL Utilities 1.6\;C:\Program Files (x86)\IVI Foundation\VISA\WinNT\Bin;C:\Program Files\WIDCOMM\Bluetooth Software\;C:\Program Files\WIDCOMM\Bluetooth Software\syswow64;G:\FPC\2.6.4\bin\i386-Win32;G:\Git\cmd;C:\WINDOWS\System32\OpenSSH\;C:\Program Files\nodejs\;C:\Program Files\Java\jdk1.8.0_152\bin;G:\apache-maven-3.5.4\bin;C:\Program Files (x86)\Brackets\command;C:\Users\Ivan\AppData\Local\Microsoft\WindowsApps;C:\Users\Ivan\AppData\Local\GitHubDesktop\bin;C:\Users\Ivan\AppData\Local\Microsoft\WindowsApps;C:\Users\Ivan\AppData\Roaming\npm;;G:\Microsoft VS Code\bin;.]
2019-01-30 19:05:03,608 INFO org.apache.juli.logging.DirectJDKLog [main] Initializing Spring embedded WebApplicationContext
2019-01-30 19:05:03,608 INFO org.springframework.boot.web.servlet.context.ServletWebServerApplicationContext [main] Root WebApplicationContext: initialization completed in 2602 ms
2019-01-30 19:05:04,044 INFO org.springframework.boot.web.servlet.AbstractFilterRegistrationBean [main] Mapping filter: 'characterEncodingFilter' to: [/*]
2019-01-30 19:05:04,044 INFO org.springframework.boot.web.servlet.AbstractFilterRegistrationBean [main] Mapping filter: 'webMvcMetricsFilter' to: [/*]
2019-01-30 19:05:04,045 INFO org.springframework.boot.web.servlet.AbstractFilterRegistrationBean [main] Mapping filter: 'hiddenHttpMethodFilter' to: [/*]
2019-01-30 19:05:04,045 INFO org.springframework.boot.web.servlet.AbstractFilterRegistrationBean [main] Mapping filter: 'formContentFilter' to: [/*]
2019-01-30 19:05:04,045 INFO org.springframework.boot.web.servlet.AbstractFilterRegistrationBean [main] Mapping filter: 'requestContextFilter' to: [/*]
2019-01-30 19:05:04,046 INFO org.springframework.boot.web.servlet.AbstractFilterRegistrationBean [main] Mapping filter: 'springSecurityFilterChain' to: [/*]
2019-01-30 19:05:04,046 INFO org.springframework.boot.web.servlet.AbstractFilterRegistrationBean [main] Mapping filter: 'httpTraceFilter' to: [/*]
2019-01-30 19:05:04,047 INFO org.springframework.boot.web.servlet.ServletRegistrationBean [main] Servlet dispatcherServlet mapped to [/]
2019-01-30 19:05:04,138 INFO org.flywaydb.core.internal.logging.slf4j.Slf4jLog [main] Flyway Community Edition 5.2.1 by Boxfuse
2019-01-30 19:05:04,147 INFO com.zaxxer.hikari.HikariDataSource [main] HikariPool-1 - Starting...
2019-01-30 19:05:04,353 INFO com.zaxxer.hikari.HikariDataSource [main] HikariPool-1 - Start completed.
2019-01-30 19:05:04,356 INFO org.flywaydb.core.internal.logging.slf4j.Slf4jLog [main] Database: jdbc:mysql://localhost:3306/geek_market (MySQL 5.7)
2019-01-30 19:05:04,442 INFO org.flywaydb.core.internal.logging.slf4j.Slf4jLog [main] Successfully validated 1 migration (execution time 00:00.053s)
2019-01-30 19:05:04,450 INFO org.flywaydb.core.internal.logging.slf4j.Slf4jLog [main] Current version of schema `geek_market`: 1
2019-01-30 19:05:04,451 INFO org.flywaydb.core.internal.logging.slf4j.Slf4jLog [main] Schema `geek_market` is up to date. No migration necessary.
2019-01-30 19:05:04,582 INFO org.hibernate.jpa.internal.util.LogHelper [main] HHH000204: Processing PersistenceUnitInfo [
	name: default
	...]
2019-01-30 19:05:04,658 INFO org.hibernate.Version [main] HHH000412: Hibernate Core {5.3.7.Final}
2019-01-30 19:05:04,660 INFO org.hibernate.cfg.Environment [main] HHH000206: hibernate.properties not found
2019-01-30 19:05:04,798 INFO org.hibernate.annotations.common.reflection.java.JavaReflectionManager [main] HCANN000001: Hibernate Commons Annotations {5.0.4.Final}
2019-01-30 19:05:05,029 INFO org.hibernate.dialect.Dialect [main] HHH000400: Using dialect: org.hibernate.dialect.MySQL5Dialect
2019-01-30 19:05:05,894 INFO org.springframework.orm.jpa.AbstractEntityManagerFactoryBean [main] Initialized JPA EntityManagerFactory for persistence unit 'default'
2019-01-30 19:05:06,620 INFO org.springframework.scheduling.concurrent.ExecutorConfigurationSupport [main] Initializing ExecutorService 'applicationTaskExecutor'
2019-01-30 19:05:06,667 WARN org.springframework.boot.autoconfigure.orm.jpa.JpaBaseConfiguration$JpaWebConfiguration$JpaWebMvcConfiguration [main] spring.jpa.open-in-view is enabled by default. Therefore, database queries may be performed during view rendering. Explicitly configure spring.jpa.open-in-view to disable this warning
2019-01-30 19:05:06,825 INFO org.springframework.boot.autoconfigure.web.servlet.WelcomePageHandlerMapping [main] Adding welcome page template: index
2019-01-30 19:05:07,003 INFO org.springframework.security.web.DefaultSecurityFilterChain [main] Creating filter chain: any request, [org.springframework.security.web.context.request.async.WebAsyncManagerIntegrationFilter@7fd3fd06, org.springframework.security.web.context.SecurityContextPersistenceFilter@37c74e4e, org.springframework.security.web.header.HeaderWriterFilter@98712fa, org.springframework.security.web.csrf.CsrfFilter@24b8a393, org.springframework.security.web.authentication.logout.LogoutFilter@44d84313, org.springframework.security.web.authentication.UsernamePasswordAuthenticationFilter@35d0749, org.springframework.security.web.savedrequest.RequestCacheAwareFilter@400008bf, org.springframework.security.web.servletapi.SecurityContextHolderAwareRequestFilter@61be6051, org.springframework.security.web.authentication.AnonymousAuthenticationFilter@54ae1240, org.springframework.security.web.session.SessionManagementFilter@3b8d2abe, org.springframework.security.web.access.ExceptionTranslationFilter@57f1a1de, org.springframework.security.web.access.intercept.FilterSecurityInterceptor@404dc999]
2019-01-30 19:05:07,245 INFO org.springframework.boot.actuate.endpoint.web.EndpointLinksResolver [main] Exposing 16 endpoint(s) beneath base path '/actuator'
2019-01-30 19:05:07,352 INFO org.apache.juli.logging.DirectJDKLog [main] Starting ProtocolHandler ["http-nio-8189"]
2019-01-30 19:05:07,363 INFO org.apache.juli.logging.DirectJDKLog [main] Using a shared selector for servlet write/read
2019-01-30 19:05:07,379 INFO org.springframework.boot.web.embedded.tomcat.TomcatWebServer [main] Tomcat started on port(s): 8189 (http) with context path '/geekmarket'
2019-01-30 19:05:07,381 INFO org.springframework.boot.StartupInfoLogger [main] Started GeekMarketApplication in 6.875 seconds (JVM running for 7.554)
2019-01-30 19:05:12,934 INFO org.apache.juli.logging.DirectJDKLog [http-nio-8189-exec-1] Initializing Spring DispatcherServlet 'dispatcherServlet'
2019-01-30 19:05:12,934 INFO org.springframework.web.servlet.FrameworkServlet [http-nio-8189-exec-1] Initializing Servlet 'dispatcherServlet'
2019-01-30 19:05:12,943 INFO org.springframework.web.servlet.FrameworkServlet [http-nio-8189-exec-1] Completed initialization in 9 ms
2019-01-30 19:05:13,902 INFO org.hibernate.hql.internal.QueryTranslatorFactoryInitiator [http-nio-8189-exec-4] HHH000397: Using ASTQueryTranslatorFactory
2019-01-30 19:12:42,272 INFO org.springframework.boot.StartupInfoLogger [main] Starting GeekMarketApplication on Ivanez_New with PID 33668 (G:\Java\Projects\fisunov\lesson_5\geek-market\target\classes started by Ivan in G:\Java\Projects\fisunov\lesson_5\geek-market)
2019-01-30 19:12:42,276 DEBUG org.springframework.boot.StartupInfoLogger [main] Running with Spring Boot v2.1.0.RELEASE, Spring v5.1.2.RELEASE
2019-01-30 19:12:42,278 INFO org.springframework.boot.SpringApplication [main] No active profile set, falling back to default profiles: default
2019-01-30 19:12:43,511 INFO org.springframework.data.repository.config.RepositoryConfigurationDelegate [main] Bootstrapping Spring Data repositories in DEFAULT mode.
2019-01-30 19:12:43,607 INFO org.springframework.data.repository.config.RepositoryConfigurationDelegate [main] Finished Spring Data repository scanning in 90ms. Found 7 repository interfaces.
2019-01-30 19:12:44,108 INFO org.springframework.context.support.PostProcessorRegistrationDelegate$BeanPostProcessorChecker [main] Bean 'org.springframework.transaction.annotation.ProxyTransactionManagementConfiguration' of type [org.springframework.transaction.annotation.ProxyTransactionManagementConfiguration$$EnhancerBySpringCGLIB$$520ca1a9] is not eligible for getting processed by all BeanPostProcessors (for example: not eligible for auto-proxying)
2019-01-30 19:12:44,208 INFO org.springframework.context.support.PostProcessorRegistrationDelegate$BeanPostProcessorChecker [main] Bean 'org.springframework.security.config.annotation.configuration.ObjectPostProcessorConfiguration' of type [org.springframework.security.config.annotation.configuration.ObjectPostProcessorConfiguration$$EnhancerBySpringCGLIB$$eaba69e3] is not eligible for getting processed by all BeanPostProcessors (for example: not eligible for auto-proxying)
2019-01-30 19:12:44,214 INFO org.springframework.context.support.PostProcessorRegistrationDelegate$BeanPostProcessorChecker [main] Bean 'objectPostProcessor' of type [org.springframework.security.config.annotation.configuration.AutowireBeanFactoryObjectPostProcessor] is not eligible for getting processed by all BeanPostProcessors (for example: not eligible for auto-proxying)
2019-01-30 19:12:44,217 INFO org.springframework.context.support.PostProcessorRegistrationDelegate$BeanPostProcessorChecker [main] Bean 'org.springframework.security.access.expression.method.DefaultMethodSecurityExpressionHandler@149c3204' of type [org.springframework.security.access.expression.method.DefaultMethodSecurityExpressionHandler] is not eligible for getting processed by all BeanPostProcessors (for example: not eligible for auto-proxying)
2019-01-30 19:12:44,220 INFO org.springframework.context.support.PostProcessorRegistrationDelegate$BeanPostProcessorChecker [main] Bean 'org.springframework.security.config.annotation.method.configuration.GlobalMethodSecurityConfiguration' of type [org.springframework.security.config.annotation.method.configuration.GlobalMethodSecurityConfiguration$$EnhancerBySpringCGLIB$$f8f0c95] is not eligible for getting processed by all BeanPostProcessors (for example: not eligible for auto-proxying)
2019-01-30 19:12:44,227 INFO org.springframework.context.support.PostProcessorRegistrationDelegate$BeanPostProcessorChecker [main] Bean 'methodSecurityMetadataSource' of type [org.springframework.security.access.method.DelegatingMethodSecurityMetadataSource] is not eligible for getting processed by all BeanPostProcessors (for example: not eligible for auto-proxying)
2019-01-30 19:12:44,705 INFO org.springframework.boot.web.embedded.tomcat.TomcatWebServer [main] Tomcat initialized with port(s): 8189 (http)
2019-01-30 19:12:44,717 INFO org.apache.juli.logging.DirectJDKLog [main] Initializing ProtocolHandler ["http-nio-8189"]
2019-01-30 19:12:44,724 INFO org.apache.juli.logging.DirectJDKLog [main] Starting service [Tomcat]
2019-01-30 19:12:44,725 INFO org.apache.juli.logging.DirectJDKLog [main] Starting Servlet Engine: Apache Tomcat/9.0.12
2019-01-30 19:12:44,733 INFO org.apache.juli.logging.DirectJDKLog [main] The APR based Apache Tomcat Native library which allows optimal performance in production environments was not found on the java.library.path: [G:\Java\jdk1.8.0_144\bin;C:\WINDOWS\Sun\Java\bin;C:\WINDOWS\system32;C:\WINDOWS;C:\ProgramData\Oracle\Java\javapath;C:\Program Files (x86)\Intel\iCLS Client\;C:\Program Files\Intel\iCLS Client\;C:\Windows\system32;C:\Windows;C:\Windows\System32\Wbem;C:\Windows\System32\WindowsPowerShell\v1.0\;C:\Program Files\Intel\Intel(R) Management Engine Components\DAL;C:\Program Files\Intel\Intel(R) Management Engine Components\IPT;C:\Program Files (x86)\Intel\Intel(R) Management Engine Components\DAL;C:\Program Files (x86)\Intel\Intel(R) Management Engine Components\IPT;C:\Program Files (x86)\Paragon Software\Paragon ExtFS for Windows;C:\Program Files (x86)\NVIDIA Corporation\PhysX\Common;C:\Program Files (x86)\QuickTime\QTSystem\;C:\WINDOWS\system32;C:\WINDOWS;C:\WINDOWS\System32\Wbem;C:\WINDOWS\System32\WindowsPowerShell\v1.0\;C:\Program Files (x86)\Skype\Phone\;C:\Program Files\PuTTY\;C:\Program Files\MySQL\MySQL Utilities 1.6\;C:\Program Files (x86)\IVI Foundation\VISA\WinNT\Bin;C:\Program Files\WIDCOMM\Bluetooth Software\;C:\Program Files\WIDCOMM\Bluetooth Software\syswow64;G:\FPC\2.6.4\bin\i386-Win32;G:\Git\cmd;C:\WINDOWS\System32\OpenSSH\;C:\Program Files\nodejs\;C:\Program Files\Java\jdk1.8.0_152\bin;G:\apache-maven-3.5.4\bin;C:\Program Files (x86)\Brackets\command;C:\Users\Ivan\AppData\Local\Microsoft\WindowsApps;C:\Users\Ivan\AppData\Local\GitHubDesktop\bin;C:\Users\Ivan\AppData\Local\Microsoft\WindowsApps;C:\Users\Ivan\AppData\Roaming\npm;;G:\Microsoft VS Code\bin;.]
2019-01-30 19:12:44,854 INFO org.apache.juli.logging.DirectJDKLog [main] Initializing Spring embedded WebApplicationContext
2019-01-30 19:12:44,854 INFO org.springframework.boot.web.servlet.context.ServletWebServerApplicationContext [main] Root WebApplicationContext: initialization completed in 2509 ms
2019-01-30 19:12:45,289 INFO org.springframework.boot.web.servlet.AbstractFilterRegistrationBean [main] Mapping filter: 'characterEncodingFilter' to: [/*]
2019-01-30 19:12:45,290 INFO org.springframework.boot.web.servlet.AbstractFilterRegistrationBean [main] Mapping filter: 'webMvcMetricsFilter' to: [/*]
2019-01-30 19:12:45,290 INFO org.springframework.boot.web.servlet.AbstractFilterRegistrationBean [main] Mapping filter: 'hiddenHttpMethodFilter' to: [/*]
2019-01-30 19:12:45,291 INFO org.springframework.boot.web.servlet.AbstractFilterRegistrationBean [main] Mapping filter: 'formContentFilter' to: [/*]
2019-01-30 19:12:45,291 INFO org.springframework.boot.web.servlet.AbstractFilterRegistrationBean [main] Mapping filter: 'requestContextFilter' to: [/*]
2019-01-30 19:12:45,291 INFO org.springframework.boot.web.servlet.AbstractFilterRegistrationBean [main] Mapping filter: 'springSecurityFilterChain' to: [/*]
2019-01-30 19:12:45,292 INFO org.springframework.boot.web.servlet.AbstractFilterRegistrationBean [main] Mapping filter: 'httpTraceFilter' to: [/*]
2019-01-30 19:12:45,292 INFO org.springframework.boot.web.servlet.ServletRegistrationBean [main] Servlet dispatcherServlet mapped to [/]
2019-01-30 19:12:45,363 INFO org.flywaydb.core.internal.logging.slf4j.Slf4jLog [main] Flyway Community Edition 5.2.1 by Boxfuse
2019-01-30 19:12:45,373 INFO com.zaxxer.hikari.HikariDataSource [main] HikariPool-1 - Starting...
2019-01-30 19:12:45,595 INFO com.zaxxer.hikari.HikariDataSource [main] HikariPool-1 - Start completed.
2019-01-30 19:12:45,597 INFO org.flywaydb.core.internal.logging.slf4j.Slf4jLog [main] Database: jdbc:mysql://localhost:3306/geek_market (MySQL 5.7)
2019-01-30 19:12:45,661 INFO org.flywaydb.core.internal.logging.slf4j.Slf4jLog [main] Successfully validated 1 migration (execution time 00:00.026s)
2019-01-30 19:12:45,668 INFO org.flywaydb.core.internal.logging.slf4j.Slf4jLog [main] Current version of schema `geek_market`: 1
2019-01-30 19:12:45,669 INFO org.flywaydb.core.internal.logging.slf4j.Slf4jLog [main] Schema `geek_market` is up to date. No migration necessary.
2019-01-30 19:12:45,806 INFO org.hibernate.jpa.internal.util.LogHelper [main] HHH000204: Processing PersistenceUnitInfo [
	name: default
	...]
2019-01-30 19:12:45,884 INFO org.hibernate.Version [main] HHH000412: Hibernate Core {5.3.7.Final}
2019-01-30 19:12:45,886 INFO org.hibernate.cfg.Environment [main] HHH000206: hibernate.properties not found
2019-01-30 19:12:46,042 INFO org.hibernate.annotations.common.reflection.java.JavaReflectionManager [main] HCANN000001: Hibernate Commons Annotations {5.0.4.Final}
2019-01-30 19:12:46,221 INFO org.hibernate.dialect.Dialect [main] HHH000400: Using dialect: org.hibernate.dialect.MySQL5Dialect
2019-01-30 19:12:47,104 INFO org.springframework.orm.jpa.AbstractEntityManagerFactoryBean [main] Initialized JPA EntityManagerFactory for persistence unit 'default'
2019-01-30 19:12:47,782 INFO org.springframework.scheduling.concurrent.ExecutorConfigurationSupport [main] Initializing ExecutorService 'applicationTaskExecutor'
2019-01-30 19:12:47,830 WARN org.springframework.boot.autoconfigure.orm.jpa.JpaBaseConfiguration$JpaWebConfiguration$JpaWebMvcConfiguration [main] spring.jpa.open-in-view is enabled by default. Therefore, database queries may be performed during view rendering. Explicitly configure spring.jpa.open-in-view to disable this warning
2019-01-30 19:12:47,979 INFO org.springframework.boot.autoconfigure.web.servlet.WelcomePageHandlerMapping [main] Adding welcome page template: index
2019-01-30 19:12:48,148 INFO org.springframework.security.web.DefaultSecurityFilterChain [main] Creating filter chain: any request, [org.springframework.security.web.context.request.async.WebAsyncManagerIntegrationFilter@7c88d04f, org.springframework.security.web.context.SecurityContextPersistenceFilter@d08f85a, org.springframework.security.web.header.HeaderWriterFilter@37e64e37, org.springframework.security.web.csrf.CsrfFilter@3b8d2abe, org.springframework.security.web.authentication.logout.LogoutFilter@3eadad14, org.springframework.security.web.authentication.UsernamePasswordAuthenticationFilter@3a12f3e7, org.springframework.security.web.savedrequest.RequestCacheAwareFilter@751bb780, org.springframework.security.web.servletapi.SecurityContextHolderAwareRequestFilter@7f41d979, org.springframework.security.web.authentication.AnonymousAuthenticationFilter@71df5f30, org.springframework.security.web.session.SessionManagementFilter@369fb99a, org.springframework.security.web.access.ExceptionTranslationFilter@5bdb9c69, org.springframework.security.web.access.intercept.FilterSecurityInterceptor@3514237f]
2019-01-30 19:12:48,397 INFO org.springframework.boot.actuate.endpoint.web.EndpointLinksResolver [main] Exposing 16 endpoint(s) beneath base path '/actuator'
2019-01-30 19:12:48,484 INFO org.apache.juli.logging.DirectJDKLog [main] Starting ProtocolHandler ["http-nio-8189"]
2019-01-30 19:12:48,494 INFO org.apache.juli.logging.DirectJDKLog [main] Using a shared selector for servlet write/read
2019-01-30 19:12:48,507 INFO org.springframework.boot.web.embedded.tomcat.TomcatWebServer [main] Tomcat started on port(s): 8189 (http) with context path '/geekmarket'
2019-01-30 19:12:48,509 INFO org.springframework.boot.StartupInfoLogger [main] Started GeekMarketApplication in 6.574 seconds (JVM running for 7.196)
2019-01-30 19:13:00,692 INFO org.apache.juli.logging.DirectJDKLog [http-nio-8189-exec-1] Initializing Spring DispatcherServlet 'dispatcherServlet'
2019-01-30 19:13:00,692 INFO org.springframework.web.servlet.FrameworkServlet [http-nio-8189-exec-1] Initializing Servlet 'dispatcherServlet'
2019-01-30 19:13:00,701 INFO org.springframework.web.servlet.FrameworkServlet [http-nio-8189-exec-1] Completed initialization in 8 ms
2019-01-30 19:13:01,543 INFO org.hibernate.hql.internal.QueryTranslatorFactoryInitiator [http-nio-8189-exec-4] HHH000397: Using ASTQueryTranslatorFactory
2019-01-30 19:30:06,686 INFO org.springframework.boot.StartupInfoLogger [main] Starting GeekMarketApplication on Ivanez_New with PID 40864 (G:\Java\Projects\fisunov\lesson_5\geek-market\target\classes started by Ivan in G:\Java\Projects\fisunov\lesson_5\geek-market)
2019-01-30 19:30:06,690 DEBUG org.springframework.boot.StartupInfoLogger [main] Running with Spring Boot v2.1.0.RELEASE, Spring v5.1.2.RELEASE
2019-01-30 19:30:06,691 INFO org.springframework.boot.SpringApplication [main] No active profile set, falling back to default profiles: default
2019-01-30 19:30:07,972 INFO org.springframework.data.repository.config.RepositoryConfigurationDelegate [main] Bootstrapping Spring Data repositories in DEFAULT mode.
2019-01-30 19:30:08,058 INFO org.springframework.data.repository.config.RepositoryConfigurationDelegate [main] Finished Spring Data repository scanning in 78ms. Found 7 repository interfaces.
2019-01-30 19:30:08,577 INFO org.springframework.context.support.PostProcessorRegistrationDelegate$BeanPostProcessorChecker [main] Bean 'org.springframework.transaction.annotation.ProxyTransactionManagementConfiguration' of type [org.springframework.transaction.annotation.ProxyTransactionManagementConfiguration$$EnhancerBySpringCGLIB$$8bab8bb3] is not eligible for getting processed by all BeanPostProcessors (for example: not eligible for auto-proxying)
2019-01-30 19:30:08,678 INFO org.springframework.context.support.PostProcessorRegistrationDelegate$BeanPostProcessorChecker [main] Bean 'org.springframework.security.config.annotation.configuration.ObjectPostProcessorConfiguration' of type [org.springframework.security.config.annotation.configuration.ObjectPostProcessorConfiguration$$EnhancerBySpringCGLIB$$245953ed] is not eligible for getting processed by all BeanPostProcessors (for example: not eligible for auto-proxying)
2019-01-30 19:30:08,687 INFO org.springframework.context.support.PostProcessorRegistrationDelegate$BeanPostProcessorChecker [main] Bean 'objectPostProcessor' of type [org.springframework.security.config.annotation.configuration.AutowireBeanFactoryObjectPostProcessor] is not eligible for getting processed by all BeanPostProcessors (for example: not eligible for auto-proxying)
2019-01-30 19:30:08,689 INFO org.springframework.context.support.PostProcessorRegistrationDelegate$BeanPostProcessorChecker [main] Bean 'org.springframework.security.access.expression.method.DefaultMethodSecurityExpressionHandler@75fc1992' of type [org.springframework.security.access.expression.method.DefaultMethodSecurityExpressionHandler] is not eligible for getting processed by all BeanPostProcessors (for example: not eligible for auto-proxying)
2019-01-30 19:30:08,692 INFO org.springframework.context.support.PostProcessorRegistrationDelegate$BeanPostProcessorChecker [main] Bean 'org.springframework.security.config.annotation.method.configuration.GlobalMethodSecurityConfiguration' of type [org.springframework.security.config.annotation.method.configuration.GlobalMethodSecurityConfiguration$$EnhancerBySpringCGLIB$$492df69f] is not eligible for getting processed by all BeanPostProcessors (for example: not eligible for auto-proxying)
2019-01-30 19:30:08,698 INFO org.springframework.context.support.PostProcessorRegistrationDelegate$BeanPostProcessorChecker [main] Bean 'methodSecurityMetadataSource' of type [org.springframework.security.access.method.DelegatingMethodSecurityMetadataSource] is not eligible for getting processed by all BeanPostProcessors (for example: not eligible for auto-proxying)
2019-01-30 19:30:09,189 INFO org.springframework.boot.web.embedded.tomcat.TomcatWebServer [main] Tomcat initialized with port(s): 8189 (http)
2019-01-30 19:30:09,201 INFO org.apache.juli.logging.DirectJDKLog [main] Initializing ProtocolHandler ["http-nio-8189"]
2019-01-30 19:30:09,207 INFO org.apache.juli.logging.DirectJDKLog [main] Starting service [Tomcat]
2019-01-30 19:30:09,207 INFO org.apache.juli.logging.DirectJDKLog [main] Starting Servlet Engine: Apache Tomcat/9.0.12
2019-01-30 19:30:09,217 INFO org.apache.juli.logging.DirectJDKLog [main] The APR based Apache Tomcat Native library which allows optimal performance in production environments was not found on the java.library.path: [G:\Java\jdk1.8.0_144\bin;C:\WINDOWS\Sun\Java\bin;C:\WINDOWS\system32;C:\WINDOWS;C:\ProgramData\Oracle\Java\javapath;C:\Program Files (x86)\Intel\iCLS Client\;C:\Program Files\Intel\iCLS Client\;C:\Windows\system32;C:\Windows;C:\Windows\System32\Wbem;C:\Windows\System32\WindowsPowerShell\v1.0\;C:\Program Files\Intel\Intel(R) Management Engine Components\DAL;C:\Program Files\Intel\Intel(R) Management Engine Components\IPT;C:\Program Files (x86)\Intel\Intel(R) Management Engine Components\DAL;C:\Program Files (x86)\Intel\Intel(R) Management Engine Components\IPT;C:\Program Files (x86)\Paragon Software\Paragon ExtFS for Windows;C:\Program Files (x86)\NVIDIA Corporation\PhysX\Common;C:\Program Files (x86)\QuickTime\QTSystem\;C:\WINDOWS\system32;C:\WINDOWS;C:\WINDOWS\System32\Wbem;C:\WINDOWS\System32\WindowsPowerShell\v1.0\;C:\Program Files (x86)\Skype\Phone\;C:\Program Files\PuTTY\;C:\Program Files\MySQL\MySQL Utilities 1.6\;C:\Program Files (x86)\IVI Foundation\VISA\WinNT\Bin;C:\Program Files\WIDCOMM\Bluetooth Software\;C:\Program Files\WIDCOMM\Bluetooth Software\syswow64;G:\FPC\2.6.4\bin\i386-Win32;G:\Git\cmd;C:\WINDOWS\System32\OpenSSH\;C:\Program Files\nodejs\;C:\Program Files\Java\jdk1.8.0_152\bin;G:\apache-maven-3.5.4\bin;C:\Program Files (x86)\Brackets\command;C:\Users\Ivan\AppData\Local\Microsoft\WindowsApps;C:\Users\Ivan\AppData\Local\GitHubDesktop\bin;C:\Users\Ivan\AppData\Local\Microsoft\WindowsApps;C:\Users\Ivan\AppData\Roaming\npm;;G:\Microsoft VS Code\bin;.]
2019-01-30 19:30:09,337 INFO org.apache.juli.logging.DirectJDKLog [main] Initializing Spring embedded WebApplicationContext
2019-01-30 19:30:09,338 INFO org.springframework.boot.web.servlet.context.ServletWebServerApplicationContext [main] Root WebApplicationContext: initialization completed in 2595 ms
2019-01-30 19:30:09,790 INFO org.springframework.boot.web.servlet.AbstractFilterRegistrationBean [main] Mapping filter: 'characterEncodingFilter' to: [/*]
2019-01-30 19:30:09,790 INFO org.springframework.boot.web.servlet.AbstractFilterRegistrationBean [main] Mapping filter: 'webMvcMetricsFilter' to: [/*]
2019-01-30 19:30:09,790 INFO org.springframework.boot.web.servlet.AbstractFilterRegistrationBean [main] Mapping filter: 'hiddenHttpMethodFilter' to: [/*]
2019-01-30 19:30:09,791 INFO org.springframework.boot.web.servlet.AbstractFilterRegistrationBean [main] Mapping filter: 'formContentFilter' to: [/*]
2019-01-30 19:30:09,791 INFO org.springframework.boot.web.servlet.AbstractFilterRegistrationBean [main] Mapping filter: 'requestContextFilter' to: [/*]
2019-01-30 19:30:09,791 INFO org.springframework.boot.web.servlet.AbstractFilterRegistrationBean [main] Mapping filter: 'springSecurityFilterChain' to: [/*]
2019-01-30 19:30:09,791 INFO org.springframework.boot.web.servlet.AbstractFilterRegistrationBean [main] Mapping filter: 'httpTraceFilter' to: [/*]
2019-01-30 19:30:09,791 INFO org.springframework.boot.web.servlet.ServletRegistrationBean [main] Servlet dispatcherServlet mapped to [/]
2019-01-30 19:30:09,865 INFO org.flywaydb.core.internal.logging.slf4j.Slf4jLog [main] Flyway Community Edition 5.2.1 by Boxfuse
2019-01-30 19:30:09,873 INFO com.zaxxer.hikari.HikariDataSource [main] HikariPool-1 - Starting...
2019-01-30 19:30:10,083 INFO com.zaxxer.hikari.HikariDataSource [main] HikariPool-1 - Start completed.
2019-01-30 19:30:10,086 INFO org.flywaydb.core.internal.logging.slf4j.Slf4jLog [main] Database: jdbc:mysql://localhost:3306/geek_market (MySQL 5.7)
2019-01-30 19:30:10,170 INFO org.flywaydb.core.internal.logging.slf4j.Slf4jLog [main] Successfully validated 1 migration (execution time 00:00.037s)
2019-01-30 19:30:10,180 INFO org.flywaydb.core.internal.logging.slf4j.Slf4jLog [main] Current version of schema `geek_market`: 1
2019-01-30 19:30:10,180 INFO org.flywaydb.core.internal.logging.slf4j.Slf4jLog [main] Schema `geek_market` is up to date. No migration necessary.
2019-01-30 19:30:10,328 INFO org.hibernate.jpa.internal.util.LogHelper [main] HHH000204: Processing PersistenceUnitInfo [
	name: default
	...]
2019-01-30 19:30:10,426 INFO org.hibernate.Version [main] HHH000412: Hibernate Core {5.3.7.Final}
2019-01-30 19:30:10,427 INFO org.hibernate.cfg.Environment [main] HHH000206: hibernate.properties not found
2019-01-30 19:30:10,562 INFO org.hibernate.annotations.common.reflection.java.JavaReflectionManager [main] HCANN000001: Hibernate Commons Annotations {5.0.4.Final}
2019-01-30 19:30:11,261 INFO org.hibernate.dialect.Dialect [main] HHH000400: Using dialect: org.hibernate.dialect.MySQL5Dialect
2019-01-30 19:30:12,573 INFO org.springframework.orm.jpa.AbstractEntityManagerFactoryBean [main] Initialized JPA EntityManagerFactory for persistence unit 'default'
2019-01-30 19:30:13,520 INFO org.springframework.scheduling.concurrent.ExecutorConfigurationSupport [main] Initializing ExecutorService 'applicationTaskExecutor'
2019-01-30 19:30:13,574 WARN org.springframework.boot.autoconfigure.orm.jpa.JpaBaseConfiguration$JpaWebConfiguration$JpaWebMvcConfiguration [main] spring.jpa.open-in-view is enabled by default. Therefore, database queries may be performed during view rendering. Explicitly configure spring.jpa.open-in-view to disable this warning
2019-01-30 19:30:13,716 INFO org.springframework.boot.autoconfigure.web.servlet.WelcomePageHandlerMapping [main] Adding welcome page template: index
2019-01-30 19:30:13,892 INFO org.springframework.security.web.DefaultSecurityFilterChain [main] Creating filter chain: any request, [org.springframework.security.web.context.request.async.WebAsyncManagerIntegrationFilter@254513e8, org.springframework.security.web.context.SecurityContextPersistenceFilter@3eadad14, org.springframework.security.web.header.HeaderWriterFilter@7f41d979, org.springframework.security.web.csrf.CsrfFilter@33373f70, org.springframework.security.web.authentication.logout.LogoutFilter@467a2584, org.springframework.security.web.authentication.UsernamePasswordAuthenticationFilter@b529d7e, org.springframework.security.web.savedrequest.RequestCacheAwareFilter@1feb76b9, org.springframework.security.web.servletapi.SecurityContextHolderAwareRequestFilter@7535f28, org.springframework.security.web.authentication.AnonymousAuthenticationFilter@74450c9b, org.springframework.security.web.session.SessionManagementFilter@6d6712b7, org.springframework.security.web.access.ExceptionTranslationFilter@9d2af36, org.springframework.security.web.access.intercept.FilterSecurityInterceptor@4895e8f6]
2019-01-30 19:30:14,143 INFO org.springframework.boot.actuate.endpoint.web.EndpointLinksResolver [main] Exposing 16 endpoint(s) beneath base path '/actuator'
2019-01-30 19:30:14,241 INFO org.apache.juli.logging.DirectJDKLog [main] Starting ProtocolHandler ["http-nio-8189"]
2019-01-30 19:30:14,253 INFO org.apache.juli.logging.DirectJDKLog [main] Using a shared selector for servlet write/read
2019-01-30 19:30:14,268 INFO org.springframework.boot.web.embedded.tomcat.TomcatWebServer [main] Tomcat started on port(s): 8189 (http) with context path '/geekmarket'
2019-01-30 19:30:14,270 INFO org.springframework.boot.StartupInfoLogger [main] Started GeekMarketApplication in 7.895 seconds (JVM running for 8.478)
2019-01-30 19:30:30,547 INFO org.apache.juli.logging.DirectJDKLog [http-nio-8189-exec-1] Initializing Spring DispatcherServlet 'dispatcherServlet'
2019-01-30 19:30:30,548 INFO org.springframework.web.servlet.FrameworkServlet [http-nio-8189-exec-1] Initializing Servlet 'dispatcherServlet'
2019-01-30 19:30:30,558 INFO org.springframework.web.servlet.FrameworkServlet [http-nio-8189-exec-1] Completed initialization in 10 ms
2019-01-30 19:30:31,440 INFO org.hibernate.hql.internal.QueryTranslatorFactoryInitiator [http-nio-8189-exec-4] HHH000397: Using ASTQueryTranslatorFactory
2019-01-30 19:40:49,437 INFO org.springframework.boot.StartupInfoLogger [main] Starting GeekMarketApplication on Ivanez_New with PID 19568 (G:\Java\Projects\fisunov\lesson_5\geek-market\target\classes started by Ivan in G:\Java\Projects\fisunov\lesson_5\geek-market)
2019-01-30 19:40:49,442 DEBUG org.springframework.boot.StartupInfoLogger [main] Running with Spring Boot v2.1.0.RELEASE, Spring v5.1.2.RELEASE
2019-01-30 19:40:49,444 INFO org.springframework.boot.SpringApplication [main] No active profile set, falling back to default profiles: default
2019-01-30 19:40:50,672 INFO org.springframework.data.repository.config.RepositoryConfigurationDelegate [main] Bootstrapping Spring Data repositories in DEFAULT mode.
2019-01-30 19:40:50,761 INFO org.springframework.data.repository.config.RepositoryConfigurationDelegate [main] Finished Spring Data repository scanning in 83ms. Found 7 repository interfaces.
2019-01-30 19:40:51,284 INFO org.springframework.context.support.PostProcessorRegistrationDelegate$BeanPostProcessorChecker [main] Bean 'org.springframework.transaction.annotation.ProxyTransactionManagementConfiguration' of type [org.springframework.transaction.annotation.ProxyTransactionManagementConfiguration$$EnhancerBySpringCGLIB$$448f7e4d] is not eligible for getting processed by all BeanPostProcessors (for example: not eligible for auto-proxying)
2019-01-30 19:40:51,391 INFO org.springframework.context.support.PostProcessorRegistrationDelegate$BeanPostProcessorChecker [main] Bean 'org.springframework.security.config.annotation.configuration.ObjectPostProcessorConfiguration' of type [org.springframework.security.config.annotation.configuration.ObjectPostProcessorConfiguration$$EnhancerBySpringCGLIB$$dd3d4687] is not eligible for getting processed by all BeanPostProcessors (for example: not eligible for auto-proxying)
2019-01-30 19:40:51,398 INFO org.springframework.context.support.PostProcessorRegistrationDelegate$BeanPostProcessorChecker [main] Bean 'objectPostProcessor' of type [org.springframework.security.config.annotation.configuration.AutowireBeanFactoryObjectPostProcessor] is not eligible for getting processed by all BeanPostProcessors (for example: not eligible for auto-proxying)
2019-01-30 19:40:51,401 INFO org.springframework.context.support.PostProcessorRegistrationDelegate$BeanPostProcessorChecker [main] Bean 'org.springframework.security.access.expression.method.DefaultMethodSecurityExpressionHandler@64f16277' of type [org.springframework.security.access.expression.method.DefaultMethodSecurityExpressionHandler] is not eligible for getting processed by all BeanPostProcessors (for example: not eligible for auto-proxying)
2019-01-30 19:40:51,404 INFO org.springframework.context.support.PostProcessorRegistrationDelegate$BeanPostProcessorChecker [main] Bean 'org.springframework.security.config.annotation.method.configuration.GlobalMethodSecurityConfiguration' of type [org.springframework.security.config.annotation.method.configuration.GlobalMethodSecurityConfiguration$$EnhancerBySpringCGLIB$$211e939] is not eligible for getting processed by all BeanPostProcessors (for example: not eligible for auto-proxying)
2019-01-30 19:40:51,411 INFO org.springframework.context.support.PostProcessorRegistrationDelegate$BeanPostProcessorChecker [main] Bean 'methodSecurityMetadataSource' of type [org.springframework.security.access.method.DelegatingMethodSecurityMetadataSource] is not eligible for getting processed by all BeanPostProcessors (for example: not eligible for auto-proxying)
2019-01-30 19:40:51,883 INFO org.springframework.boot.web.embedded.tomcat.TomcatWebServer [main] Tomcat initialized with port(s): 8189 (http)
2019-01-30 19:40:51,896 INFO org.apache.juli.logging.DirectJDKLog [main] Initializing ProtocolHandler ["http-nio-8189"]
2019-01-30 19:40:51,903 INFO org.apache.juli.logging.DirectJDKLog [main] Starting service [Tomcat]
2019-01-30 19:40:51,903 INFO org.apache.juli.logging.DirectJDKLog [main] Starting Servlet Engine: Apache Tomcat/9.0.12
2019-01-30 19:40:51,912 INFO org.apache.juli.logging.DirectJDKLog [main] The APR based Apache Tomcat Native library which allows optimal performance in production environments was not found on the java.library.path: [G:\Java\jdk1.8.0_144\bin;C:\WINDOWS\Sun\Java\bin;C:\WINDOWS\system32;C:\WINDOWS;C:\ProgramData\Oracle\Java\javapath;C:\Program Files (x86)\Intel\iCLS Client\;C:\Program Files\Intel\iCLS Client\;C:\Windows\system32;C:\Windows;C:\Windows\System32\Wbem;C:\Windows\System32\WindowsPowerShell\v1.0\;C:\Program Files\Intel\Intel(R) Management Engine Components\DAL;C:\Program Files\Intel\Intel(R) Management Engine Components\IPT;C:\Program Files (x86)\Intel\Intel(R) Management Engine Components\DAL;C:\Program Files (x86)\Intel\Intel(R) Management Engine Components\IPT;C:\Program Files (x86)\Paragon Software\Paragon ExtFS for Windows;C:\Program Files (x86)\NVIDIA Corporation\PhysX\Common;C:\Program Files (x86)\QuickTime\QTSystem\;C:\WINDOWS\system32;C:\WINDOWS;C:\WINDOWS\System32\Wbem;C:\WINDOWS\System32\WindowsPowerShell\v1.0\;C:\Program Files (x86)\Skype\Phone\;C:\Program Files\PuTTY\;C:\Program Files\MySQL\MySQL Utilities 1.6\;C:\Program Files (x86)\IVI Foundation\VISA\WinNT\Bin;C:\Program Files\WIDCOMM\Bluetooth Software\;C:\Program Files\WIDCOMM\Bluetooth Software\syswow64;G:\FPC\2.6.4\bin\i386-Win32;G:\Git\cmd;C:\WINDOWS\System32\OpenSSH\;C:\Program Files\nodejs\;C:\Program Files\Java\jdk1.8.0_152\bin;G:\apache-maven-3.5.4\bin;C:\Program Files (x86)\Brackets\command;C:\Users\Ivan\AppData\Local\Microsoft\WindowsApps;C:\Users\Ivan\AppData\Local\GitHubDesktop\bin;C:\Users\Ivan\AppData\Local\Microsoft\WindowsApps;C:\Users\Ivan\AppData\Roaming\npm;;G:\Microsoft VS Code\bin;.]
2019-01-30 19:40:52,035 INFO org.apache.juli.logging.DirectJDKLog [main] Initializing Spring embedded WebApplicationContext
2019-01-30 19:40:52,036 INFO org.springframework.boot.web.servlet.context.ServletWebServerApplicationContext [main] Root WebApplicationContext: initialization completed in 2545 ms
2019-01-30 19:40:52,474 INFO org.springframework.boot.web.servlet.AbstractFilterRegistrationBean [main] Mapping filter: 'characterEncodingFilter' to: [/*]
2019-01-30 19:40:52,474 INFO org.springframework.boot.web.servlet.AbstractFilterRegistrationBean [main] Mapping filter: 'webMvcMetricsFilter' to: [/*]
2019-01-30 19:40:52,475 INFO org.springframework.boot.web.servlet.AbstractFilterRegistrationBean [main] Mapping filter: 'hiddenHttpMethodFilter' to: [/*]
2019-01-30 19:40:52,475 INFO org.springframework.boot.web.servlet.AbstractFilterRegistrationBean [main] Mapping filter: 'formContentFilter' to: [/*]
2019-01-30 19:40:52,475 INFO org.springframework.boot.web.servlet.AbstractFilterRegistrationBean [main] Mapping filter: 'requestContextFilter' to: [/*]
2019-01-30 19:40:52,475 INFO org.springframework.boot.web.servlet.AbstractFilterRegistrationBean [main] Mapping filter: 'springSecurityFilterChain' to: [/*]
2019-01-30 19:40:52,475 INFO org.springframework.boot.web.servlet.AbstractFilterRegistrationBean [main] Mapping filter: 'httpTraceFilter' to: [/*]
2019-01-30 19:40:52,476 INFO org.springframework.boot.web.servlet.ServletRegistrationBean [main] Servlet dispatcherServlet mapped to [/]
2019-01-30 19:40:52,550 INFO org.flywaydb.core.internal.logging.slf4j.Slf4jLog [main] Flyway Community Edition 5.2.1 by Boxfuse
2019-01-30 19:40:52,559 INFO com.zaxxer.hikari.HikariDataSource [main] HikariPool-1 - Starting...
2019-01-30 19:40:52,769 INFO com.zaxxer.hikari.HikariDataSource [main] HikariPool-1 - Start completed.
2019-01-30 19:40:52,772 INFO org.flywaydb.core.internal.logging.slf4j.Slf4jLog [main] Database: jdbc:mysql://localhost:3306/geek_market (MySQL 5.7)
2019-01-30 19:40:52,838 INFO org.flywaydb.core.internal.logging.slf4j.Slf4jLog [main] Successfully validated 1 migration (execution time 00:00.033s)
2019-01-30 19:40:52,846 INFO org.flywaydb.core.internal.logging.slf4j.Slf4jLog [main] Current version of schema `geek_market`: 1
2019-01-30 19:40:52,847 INFO org.flywaydb.core.internal.logging.slf4j.Slf4jLog [main] Schema `geek_market` is up to date. No migration necessary.
2019-01-30 19:40:52,969 INFO org.hibernate.jpa.internal.util.LogHelper [main] HHH000204: Processing PersistenceUnitInfo [
	name: default
	...]
2019-01-30 19:40:53,057 INFO org.hibernate.Version [main] HHH000412: Hibernate Core {5.3.7.Final}
2019-01-30 19:40:53,059 INFO org.hibernate.cfg.Environment [main] HHH000206: hibernate.properties not found
2019-01-30 19:40:53,236 INFO org.hibernate.annotations.common.reflection.java.JavaReflectionManager [main] HCANN000001: Hibernate Commons Annotations {5.0.4.Final}
2019-01-30 19:40:53,405 INFO org.hibernate.dialect.Dialect [main] HHH000400: Using dialect: org.hibernate.dialect.MySQL5Dialect
2019-01-30 19:40:54,299 INFO org.springframework.orm.jpa.AbstractEntityManagerFactoryBean [main] Initialized JPA EntityManagerFactory for persistence unit 'default'
2019-01-30 19:40:55,065 INFO org.springframework.scheduling.concurrent.ExecutorConfigurationSupport [main] Initializing ExecutorService 'applicationTaskExecutor'
2019-01-30 19:40:55,112 WARN org.springframework.boot.autoconfigure.orm.jpa.JpaBaseConfiguration$JpaWebConfiguration$JpaWebMvcConfiguration [main] spring.jpa.open-in-view is enabled by default. Therefore, database queries may be performed during view rendering. Explicitly configure spring.jpa.open-in-view to disable this warning
2019-01-30 19:40:55,275 INFO org.springframework.boot.autoconfigure.web.servlet.WelcomePageHandlerMapping [main] Adding welcome page template: index
2019-01-30 19:40:55,449 INFO org.springframework.security.web.DefaultSecurityFilterChain [main] Creating filter chain: any request, [org.springframework.security.web.context.request.async.WebAsyncManagerIntegrationFilter@70700b8a, org.springframework.security.web.context.SecurityContextPersistenceFilter@511de4dd, org.springframework.security.web.header.HeaderWriterFilter@33373f70, org.springframework.security.web.csrf.CsrfFilter@52a75c12, org.springframework.security.web.authentication.logout.LogoutFilter@740ad32e, org.springframework.security.web.authentication.UsernamePasswordAuthenticationFilter@520ee6b3, org.springframework.security.web.savedrequest.RequestCacheAwareFilter@31204303, org.springframework.security.web.servletapi.SecurityContextHolderAwareRequestFilter@696298ea, org.springframework.security.web.authentication.AnonymousAuthenticationFilter@5fafa76d, org.springframework.security.web.session.SessionManagementFilter@44d84313, org.springframework.security.web.access.ExceptionTranslationFilter@61be6051, org.springframework.security.web.access.intercept.FilterSecurityInterceptor@595184d8]
2019-01-30 19:40:55,692 INFO org.springframework.boot.actuate.endpoint.web.EndpointLinksResolver [main] Exposing 16 endpoint(s) beneath base path '/actuator'
2019-01-30 19:40:55,787 INFO org.apache.juli.logging.DirectJDKLog [main] Starting ProtocolHandler ["http-nio-8189"]
2019-01-30 19:40:55,796 INFO org.apache.juli.logging.DirectJDKLog [main] Using a shared selector for servlet write/read
2019-01-30 19:40:55,809 INFO org.springframework.boot.web.embedded.tomcat.TomcatWebServer [main] Tomcat started on port(s): 8189 (http) with context path '/geekmarket'
2019-01-30 19:40:55,810 INFO org.springframework.boot.StartupInfoLogger [main] Started GeekMarketApplication in 6.692 seconds (JVM running for 7.293)
2019-01-30 19:41:13,700 INFO org.apache.juli.logging.DirectJDKLog [http-nio-8189-exec-1] Initializing Spring DispatcherServlet 'dispatcherServlet'
2019-01-30 19:41:13,700 INFO org.springframework.web.servlet.FrameworkServlet [http-nio-8189-exec-1] Initializing Servlet 'dispatcherServlet'
2019-01-30 19:41:13,709 INFO org.springframework.web.servlet.FrameworkServlet [http-nio-8189-exec-1] Completed initialization in 9 ms
2019-01-30 19:41:14,576 INFO org.hibernate.hql.internal.QueryTranslatorFactoryInitiator [http-nio-8189-exec-3] HHH000397: Using ASTQueryTranslatorFactory
2019-01-30 20:00:32,714 INFO org.springframework.boot.StartupInfoLogger [main] Starting GeekMarketApplication on Ivanez_New with PID 21040 (G:\Java\Projects\fisunov\lesson_5\geek-market\target\classes started by Ivan in G:\Java\Projects\fisunov\lesson_5\geek-market)
2019-01-30 20:00:32,718 DEBUG org.springframework.boot.StartupInfoLogger [main] Running with Spring Boot v2.1.0.RELEASE, Spring v5.1.2.RELEASE
2019-01-30 20:00:32,725 INFO org.springframework.boot.SpringApplication [main] No active profile set, falling back to default profiles: default
2019-01-30 20:00:33,978 INFO org.springframework.data.repository.config.RepositoryConfigurationDelegate [main] Bootstrapping Spring Data repositories in DEFAULT mode.
2019-01-30 20:00:34,070 INFO org.springframework.data.repository.config.RepositoryConfigurationDelegate [main] Finished Spring Data repository scanning in 85ms. Found 7 repository interfaces.
2019-01-30 20:00:34,596 INFO org.springframework.context.support.PostProcessorRegistrationDelegate$BeanPostProcessorChecker [main] Bean 'org.springframework.transaction.annotation.ProxyTransactionManagementConfiguration' of type [org.springframework.transaction.annotation.ProxyTransactionManagementConfiguration$$EnhancerBySpringCGLIB$$c61dcd38] is not eligible for getting processed by all BeanPostProcessors (for example: not eligible for auto-proxying)
2019-01-30 20:00:34,714 INFO org.springframework.context.support.PostProcessorRegistrationDelegate$BeanPostProcessorChecker [main] Bean 'org.springframework.security.config.annotation.configuration.ObjectPostProcessorConfiguration' of type [org.springframework.security.config.annotation.configuration.ObjectPostProcessorConfiguration$$EnhancerBySpringCGLIB$$5ecb9572] is not eligible for getting processed by all BeanPostProcessors (for example: not eligible for auto-proxying)
2019-01-30 20:00:34,720 INFO org.springframework.context.support.PostProcessorRegistrationDelegate$BeanPostProcessorChecker [main] Bean 'objectPostProcessor' of type [org.springframework.security.config.annotation.configuration.AutowireBeanFactoryObjectPostProcessor] is not eligible for getting processed by all BeanPostProcessors (for example: not eligible for auto-proxying)
2019-01-30 20:00:34,721 INFO org.springframework.context.support.PostProcessorRegistrationDelegate$BeanPostProcessorChecker [main] Bean 'org.springframework.security.access.expression.method.DefaultMethodSecurityExpressionHandler@151ef57f' of type [org.springframework.security.access.expression.method.DefaultMethodSecurityExpressionHandler] is not eligible for getting processed by all BeanPostProcessors (for example: not eligible for auto-proxying)
2019-01-30 20:00:34,724 INFO org.springframework.context.support.PostProcessorRegistrationDelegate$BeanPostProcessorChecker [main] Bean 'org.springframework.security.config.annotation.method.configuration.GlobalMethodSecurityConfiguration' of type [org.springframework.security.config.annotation.method.configuration.GlobalMethodSecurityConfiguration$$EnhancerBySpringCGLIB$$83a03824] is not eligible for getting processed by all BeanPostProcessors (for example: not eligible for auto-proxying)
2019-01-30 20:00:34,729 INFO org.springframework.context.support.PostProcessorRegistrationDelegate$BeanPostProcessorChecker [main] Bean 'methodSecurityMetadataSource' of type [org.springframework.security.access.method.DelegatingMethodSecurityMetadataSource] is not eligible for getting processed by all BeanPostProcessors (for example: not eligible for auto-proxying)
2019-01-30 20:00:35,245 INFO org.springframework.boot.web.embedded.tomcat.TomcatWebServer [main] Tomcat initialized with port(s): 8189 (http)
2019-01-30 20:00:35,264 INFO org.apache.juli.logging.DirectJDKLog [main] Initializing ProtocolHandler ["http-nio-8189"]
2019-01-30 20:00:35,272 INFO org.apache.juli.logging.DirectJDKLog [main] Starting service [Tomcat]
2019-01-30 20:00:35,272 INFO org.apache.juli.logging.DirectJDKLog [main] Starting Servlet Engine: Apache Tomcat/9.0.12
2019-01-30 20:00:35,281 INFO org.apache.juli.logging.DirectJDKLog [main] The APR based Apache Tomcat Native library which allows optimal performance in production environments was not found on the java.library.path: [G:\Java\jdk1.8.0_144\bin;C:\WINDOWS\Sun\Java\bin;C:\WINDOWS\system32;C:\WINDOWS;C:\ProgramData\Oracle\Java\javapath;C:\Program Files (x86)\Intel\iCLS Client\;C:\Program Files\Intel\iCLS Client\;C:\Windows\system32;C:\Windows;C:\Windows\System32\Wbem;C:\Windows\System32\WindowsPowerShell\v1.0\;C:\Program Files\Intel\Intel(R) Management Engine Components\DAL;C:\Program Files\Intel\Intel(R) Management Engine Components\IPT;C:\Program Files (x86)\Intel\Intel(R) Management Engine Components\DAL;C:\Program Files (x86)\Intel\Intel(R) Management Engine Components\IPT;C:\Program Files (x86)\Paragon Software\Paragon ExtFS for Windows;C:\Program Files (x86)\NVIDIA Corporation\PhysX\Common;C:\Program Files (x86)\QuickTime\QTSystem\;C:\WINDOWS\system32;C:\WINDOWS;C:\WINDOWS\System32\Wbem;C:\WINDOWS\System32\WindowsPowerShell\v1.0\;C:\Program Files (x86)\Skype\Phone\;C:\Program Files\PuTTY\;C:\Program Files\MySQL\MySQL Utilities 1.6\;C:\Program Files (x86)\IVI Foundation\VISA\WinNT\Bin;C:\Program Files\WIDCOMM\Bluetooth Software\;C:\Program Files\WIDCOMM\Bluetooth Software\syswow64;G:\FPC\2.6.4\bin\i386-Win32;G:\Git\cmd;C:\WINDOWS\System32\OpenSSH\;C:\Program Files\nodejs\;C:\Program Files\Java\jdk1.8.0_152\bin;G:\apache-maven-3.5.4\bin;C:\Program Files (x86)\Brackets\command;C:\Users\Ivan\AppData\Local\Microsoft\WindowsApps;C:\Users\Ivan\AppData\Local\GitHubDesktop\bin;C:\Users\Ivan\AppData\Local\Microsoft\WindowsApps;C:\Users\Ivan\AppData\Roaming\npm;;G:\Microsoft VS Code\bin;.]
2019-01-30 20:00:35,403 INFO org.apache.juli.logging.DirectJDKLog [main] Initializing Spring embedded WebApplicationContext
2019-01-30 20:00:35,404 INFO org.springframework.boot.web.servlet.context.ServletWebServerApplicationContext [main] Root WebApplicationContext: initialization completed in 2580 ms
2019-01-30 20:00:35,843 INFO org.springframework.boot.web.servlet.AbstractFilterRegistrationBean [main] Mapping filter: 'characterEncodingFilter' to: [/*]
2019-01-30 20:00:35,844 INFO org.springframework.boot.web.servlet.AbstractFilterRegistrationBean [main] Mapping filter: 'webMvcMetricsFilter' to: [/*]
2019-01-30 20:00:35,845 INFO org.springframework.boot.web.servlet.AbstractFilterRegistrationBean [main] Mapping filter: 'hiddenHttpMethodFilter' to: [/*]
2019-01-30 20:00:35,845 INFO org.springframework.boot.web.servlet.AbstractFilterRegistrationBean [main] Mapping filter: 'formContentFilter' to: [/*]
2019-01-30 20:00:35,845 INFO org.springframework.boot.web.servlet.AbstractFilterRegistrationBean [main] Mapping filter: 'requestContextFilter' to: [/*]
2019-01-30 20:00:35,845 INFO org.springframework.boot.web.servlet.AbstractFilterRegistrationBean [main] Mapping filter: 'springSecurityFilterChain' to: [/*]
2019-01-30 20:00:35,846 INFO org.springframework.boot.web.servlet.AbstractFilterRegistrationBean [main] Mapping filter: 'httpTraceFilter' to: [/*]
2019-01-30 20:00:35,846 INFO org.springframework.boot.web.servlet.ServletRegistrationBean [main] Servlet dispatcherServlet mapped to [/]
2019-01-30 20:00:35,923 INFO org.flywaydb.core.internal.logging.slf4j.Slf4jLog [main] Flyway Community Edition 5.2.1 by Boxfuse
2019-01-30 20:00:35,934 INFO com.zaxxer.hikari.HikariDataSource [main] HikariPool-1 - Starting...
2019-01-30 20:00:36,165 INFO com.zaxxer.hikari.HikariDataSource [main] HikariPool-1 - Start completed.
2019-01-30 20:00:36,168 INFO org.flywaydb.core.internal.logging.slf4j.Slf4jLog [main] Database: jdbc:mysql://localhost:3306/geek_market (MySQL 5.7)
2019-01-30 20:00:36,229 INFO org.flywaydb.core.internal.logging.slf4j.Slf4jLog [main] Successfully validated 1 migration (execution time 00:00.026s)
2019-01-30 20:00:36,236 INFO org.flywaydb.core.internal.logging.slf4j.Slf4jLog [main] Current version of schema `geek_market`: 1
2019-01-30 20:00:36,237 INFO org.flywaydb.core.internal.logging.slf4j.Slf4jLog [main] Schema `geek_market` is up to date. No migration necessary.
2019-01-30 20:00:36,367 INFO org.hibernate.jpa.internal.util.LogHelper [main] HHH000204: Processing PersistenceUnitInfo [
	name: default
	...]
2019-01-30 20:00:36,439 INFO org.hibernate.Version [main] HHH000412: Hibernate Core {5.3.7.Final}
2019-01-30 20:00:36,441 INFO org.hibernate.cfg.Environment [main] HHH000206: hibernate.properties not found
2019-01-30 20:00:36,626 INFO org.hibernate.annotations.common.reflection.java.JavaReflectionManager [main] HCANN000001: Hibernate Commons Annotations {5.0.4.Final}
2019-01-30 20:00:36,817 INFO org.hibernate.dialect.Dialect [main] HHH000400: Using dialect: org.hibernate.dialect.MySQL5Dialect
2019-01-30 20:00:38,015 INFO org.springframework.orm.jpa.AbstractEntityManagerFactoryBean [main] Initialized JPA EntityManagerFactory for persistence unit 'default'
2019-01-30 20:00:38,786 INFO org.springframework.scheduling.concurrent.ExecutorConfigurationSupport [main] Initializing ExecutorService 'applicationTaskExecutor'
2019-01-30 20:00:38,834 WARN org.springframework.boot.autoconfigure.orm.jpa.JpaBaseConfiguration$JpaWebConfiguration$JpaWebMvcConfiguration [main] spring.jpa.open-in-view is enabled by default. Therefore, database queries may be performed during view rendering. Explicitly configure spring.jpa.open-in-view to disable this warning
2019-01-30 20:00:38,987 INFO org.springframework.boot.autoconfigure.web.servlet.WelcomePageHandlerMapping [main] Adding welcome page template: index
2019-01-30 20:00:39,155 INFO org.springframework.security.web.DefaultSecurityFilterChain [main] Creating filter chain: any request, [org.springframework.security.web.context.request.async.WebAsyncManagerIntegrationFilter@539dd2d0, org.springframework.security.web.context.SecurityContextPersistenceFilter@416d90f0, org.springframework.security.web.header.HeaderWriterFilter@3e839aa3, org.springframework.security.web.csrf.CsrfFilter@72b1df49, org.springframework.security.web.authentication.logout.LogoutFilter@19f1be04, org.springframework.security.web.authentication.UsernamePasswordAuthenticationFilter@2e62e227, org.springframework.security.web.savedrequest.RequestCacheAwareFilter@de0c402, org.springframework.security.web.servletapi.SecurityContextHolderAwareRequestFilter@4acc27fd, org.springframework.security.web.authentication.AnonymousAuthenticationFilter@3428420d, org.springframework.security.web.session.SessionManagementFilter@2919aff3, org.springframework.security.web.access.ExceptionTranslationFilter@81a8898, org.springframework.security.web.access.intercept.FilterSecurityInterceptor@27210a3b]
2019-01-30 20:00:39,397 INFO org.springframework.boot.actuate.endpoint.web.EndpointLinksResolver [main] Exposing 16 endpoint(s) beneath base path '/actuator'
2019-01-30 20:00:39,501 INFO org.apache.juli.logging.DirectJDKLog [main] Starting ProtocolHandler ["http-nio-8189"]
2019-01-30 20:00:39,513 INFO org.apache.juli.logging.DirectJDKLog [main] Using a shared selector for servlet write/read
2019-01-30 20:00:39,528 INFO org.springframework.boot.web.embedded.tomcat.TomcatWebServer [main] Tomcat started on port(s): 8189 (http) with context path '/geekmarket'
2019-01-30 20:00:39,530 INFO org.springframework.boot.StartupInfoLogger [main] Started GeekMarketApplication in 7.159 seconds (JVM running for 7.761)
2019-01-30 20:00:58,713 INFO org.apache.juli.logging.DirectJDKLog [http-nio-8189-exec-1] Initializing Spring DispatcherServlet 'dispatcherServlet'
2019-01-30 20:00:58,713 INFO org.springframework.web.servlet.FrameworkServlet [http-nio-8189-exec-1] Initializing Servlet 'dispatcherServlet'
2019-01-30 20:00:58,721 INFO org.springframework.web.servlet.FrameworkServlet [http-nio-8189-exec-1] Completed initialization in 8 ms
2019-01-30 20:00:59,677 INFO org.hibernate.hql.internal.QueryTranslatorFactoryInitiator [http-nio-8189-exec-4] HHH000397: Using ASTQueryTranslatorFactory
2019-01-30 20:02:31,049 INFO org.springframework.boot.StartupInfoLogger [main] Starting GeekMarketApplication on Ivanez_New with PID 3544 (G:\Java\Projects\fisunov\lesson_5\geek-market\target\classes started by Ivan in G:\Java\Projects\fisunov\lesson_5\geek-market)
2019-01-30 20:02:31,053 DEBUG org.springframework.boot.StartupInfoLogger [main] Running with Spring Boot v2.1.0.RELEASE, Spring v5.1.2.RELEASE
2019-01-30 20:02:31,055 INFO org.springframework.boot.SpringApplication [main] No active profile set, falling back to default profiles: default
2019-01-30 20:02:32,409 INFO org.springframework.data.repository.config.RepositoryConfigurationDelegate [main] Bootstrapping Spring Data repositories in DEFAULT mode.
2019-01-30 20:02:32,506 INFO org.springframework.data.repository.config.RepositoryConfigurationDelegate [main] Finished Spring Data repository scanning in 89ms. Found 7 repository interfaces.
2019-01-30 20:02:33,050 INFO org.springframework.context.support.PostProcessorRegistrationDelegate$BeanPostProcessorChecker [main] Bean 'org.springframework.transaction.annotation.ProxyTransactionManagementConfiguration' of type [org.springframework.transaction.annotation.ProxyTransactionManagementConfiguration$$EnhancerBySpringCGLIB$$7935e779] is not eligible for getting processed by all BeanPostProcessors (for example: not eligible for auto-proxying)
2019-01-30 20:02:33,151 INFO org.springframework.context.support.PostProcessorRegistrationDelegate$BeanPostProcessorChecker [main] Bean 'org.springframework.security.config.annotation.configuration.ObjectPostProcessorConfiguration' of type [org.springframework.security.config.annotation.configuration.ObjectPostProcessorConfiguration$$EnhancerBySpringCGLIB$$11e3afb3] is not eligible for getting processed by all BeanPostProcessors (for example: not eligible for auto-proxying)
2019-01-30 20:02:33,160 INFO org.springframework.context.support.PostProcessorRegistrationDelegate$BeanPostProcessorChecker [main] Bean 'objectPostProcessor' of type [org.springframework.security.config.annotation.configuration.AutowireBeanFactoryObjectPostProcessor] is not eligible for getting processed by all BeanPostProcessors (for example: not eligible for auto-proxying)
2019-01-30 20:02:33,163 INFO org.springframework.context.support.PostProcessorRegistrationDelegate$BeanPostProcessorChecker [main] Bean 'org.springframework.security.access.expression.method.DefaultMethodSecurityExpressionHandler@2cc03cd1' of type [org.springframework.security.access.expression.method.DefaultMethodSecurityExpressionHandler] is not eligible for getting processed by all BeanPostProcessors (for example: not eligible for auto-proxying)
2019-01-30 20:02:33,167 INFO org.springframework.context.support.PostProcessorRegistrationDelegate$BeanPostProcessorChecker [main] Bean 'org.springframework.security.config.annotation.method.configuration.GlobalMethodSecurityConfiguration' of type [org.springframework.security.config.annotation.method.configuration.GlobalMethodSecurityConfiguration$$EnhancerBySpringCGLIB$$36b85265] is not eligible for getting processed by all BeanPostProcessors (for example: not eligible for auto-proxying)
2019-01-30 20:02:33,174 INFO org.springframework.context.support.PostProcessorRegistrationDelegate$BeanPostProcessorChecker [main] Bean 'methodSecurityMetadataSource' of type [org.springframework.security.access.method.DelegatingMethodSecurityMetadataSource] is not eligible for getting processed by all BeanPostProcessors (for example: not eligible for auto-proxying)
2019-01-30 20:02:33,647 INFO org.springframework.boot.web.embedded.tomcat.TomcatWebServer [main] Tomcat initialized with port(s): 8189 (http)
2019-01-30 20:02:33,662 INFO org.apache.juli.logging.DirectJDKLog [main] Initializing ProtocolHandler ["http-nio-8189"]
2019-01-30 20:02:33,670 INFO org.apache.juli.logging.DirectJDKLog [main] Starting service [Tomcat]
2019-01-30 20:02:33,671 INFO org.apache.juli.logging.DirectJDKLog [main] Starting Servlet Engine: Apache Tomcat/9.0.12
2019-01-30 20:02:33,684 INFO org.apache.juli.logging.DirectJDKLog [main] The APR based Apache Tomcat Native library which allows optimal performance in production environments was not found on the java.library.path: [G:\Java\jdk1.8.0_144\bin;C:\WINDOWS\Sun\Java\bin;C:\WINDOWS\system32;C:\WINDOWS;C:\ProgramData\Oracle\Java\javapath;C:\Program Files (x86)\Intel\iCLS Client\;C:\Program Files\Intel\iCLS Client\;C:\Windows\system32;C:\Windows;C:\Windows\System32\Wbem;C:\Windows\System32\WindowsPowerShell\v1.0\;C:\Program Files\Intel\Intel(R) Management Engine Components\DAL;C:\Program Files\Intel\Intel(R) Management Engine Components\IPT;C:\Program Files (x86)\Intel\Intel(R) Management Engine Components\DAL;C:\Program Files (x86)\Intel\Intel(R) Management Engine Components\IPT;C:\Program Files (x86)\Paragon Software\Paragon ExtFS for Windows;C:\Program Files (x86)\NVIDIA Corporation\PhysX\Common;C:\Program Files (x86)\QuickTime\QTSystem\;C:\WINDOWS\system32;C:\WINDOWS;C:\WINDOWS\System32\Wbem;C:\WINDOWS\System32\WindowsPowerShell\v1.0\;C:\Program Files (x86)\Skype\Phone\;C:\Program Files\PuTTY\;C:\Program Files\MySQL\MySQL Utilities 1.6\;C:\Program Files (x86)\IVI Foundation\VISA\WinNT\Bin;C:\Program Files\WIDCOMM\Bluetooth Software\;C:\Program Files\WIDCOMM\Bluetooth Software\syswow64;G:\FPC\2.6.4\bin\i386-Win32;G:\Git\cmd;C:\WINDOWS\System32\OpenSSH\;C:\Program Files\nodejs\;C:\Program Files\Java\jdk1.8.0_152\bin;G:\apache-maven-3.5.4\bin;C:\Program Files (x86)\Brackets\command;C:\Users\Ivan\AppData\Local\Microsoft\WindowsApps;C:\Users\Ivan\AppData\Local\GitHubDesktop\bin;C:\Users\Ivan\AppData\Local\Microsoft\WindowsApps;C:\Users\Ivan\AppData\Roaming\npm;;G:\Microsoft VS Code\bin;.]
2019-01-30 20:02:33,793 INFO org.apache.juli.logging.DirectJDKLog [main] Initializing Spring embedded WebApplicationContext
2019-01-30 20:02:33,794 INFO org.springframework.boot.web.servlet.context.ServletWebServerApplicationContext [main] Root WebApplicationContext: initialization completed in 2669 ms
2019-01-30 20:02:34,267 INFO org.springframework.boot.web.servlet.AbstractFilterRegistrationBean [main] Mapping filter: 'characterEncodingFilter' to: [/*]
2019-01-30 20:02:34,268 INFO org.springframework.boot.web.servlet.AbstractFilterRegistrationBean [main] Mapping filter: 'webMvcMetricsFilter' to: [/*]
2019-01-30 20:02:34,268 INFO org.springframework.boot.web.servlet.AbstractFilterRegistrationBean [main] Mapping filter: 'hiddenHttpMethodFilter' to: [/*]
2019-01-30 20:02:34,268 INFO org.springframework.boot.web.servlet.AbstractFilterRegistrationBean [main] Mapping filter: 'formContentFilter' to: [/*]
2019-01-30 20:02:34,268 INFO org.springframework.boot.web.servlet.AbstractFilterRegistrationBean [main] Mapping filter: 'requestContextFilter' to: [/*]
2019-01-30 20:02:34,269 INFO org.springframework.boot.web.servlet.AbstractFilterRegistrationBean [main] Mapping filter: 'springSecurityFilterChain' to: [/*]
2019-01-30 20:02:34,269 INFO org.springframework.boot.web.servlet.AbstractFilterRegistrationBean [main] Mapping filter: 'httpTraceFilter' to: [/*]
2019-01-30 20:02:34,269 INFO org.springframework.boot.web.servlet.ServletRegistrationBean [main] Servlet dispatcherServlet mapped to [/]
2019-01-30 20:02:34,354 INFO org.flywaydb.core.internal.logging.slf4j.Slf4jLog [main] Flyway Community Edition 5.2.1 by Boxfuse
2019-01-30 20:02:34,362 INFO com.zaxxer.hikari.HikariDataSource [main] HikariPool-1 - Starting...
2019-01-30 20:02:34,575 INFO com.zaxxer.hikari.HikariDataSource [main] HikariPool-1 - Start completed.
2019-01-30 20:02:34,578 INFO org.flywaydb.core.internal.logging.slf4j.Slf4jLog [main] Database: jdbc:mysql://localhost:3306/geek_market (MySQL 5.7)
2019-01-30 20:02:34,638 INFO org.flywaydb.core.internal.logging.slf4j.Slf4jLog [main] Successfully validated 1 migration (execution time 00:00.026s)
2019-01-30 20:02:34,646 INFO org.flywaydb.core.internal.logging.slf4j.Slf4jLog [main] Current version of schema `geek_market`: 1
2019-01-30 20:02:34,646 INFO org.flywaydb.core.internal.logging.slf4j.Slf4jLog [main] Schema `geek_market` is up to date. No migration necessary.
2019-01-30 20:02:34,764 INFO org.hibernate.jpa.internal.util.LogHelper [main] HHH000204: Processing PersistenceUnitInfo [
	name: default
	...]
2019-01-30 20:02:34,831 INFO org.hibernate.Version [main] HHH000412: Hibernate Core {5.3.7.Final}
2019-01-30 20:02:34,832 INFO org.hibernate.cfg.Environment [main] HHH000206: hibernate.properties not found
2019-01-30 20:02:34,972 INFO org.hibernate.annotations.common.reflection.java.JavaReflectionManager [main] HCANN000001: Hibernate Commons Annotations {5.0.4.Final}
2019-01-30 20:02:35,130 INFO org.hibernate.dialect.Dialect [main] HHH000400: Using dialect: org.hibernate.dialect.MySQL5Dialect
2019-01-30 20:02:36,077 INFO org.springframework.orm.jpa.AbstractEntityManagerFactoryBean [main] Initialized JPA EntityManagerFactory for persistence unit 'default'
2019-01-30 20:02:36,791 INFO org.springframework.scheduling.concurrent.ExecutorConfigurationSupport [main] Initializing ExecutorService 'applicationTaskExecutor'
2019-01-30 20:02:36,842 WARN org.springframework.boot.autoconfigure.orm.jpa.JpaBaseConfiguration$JpaWebConfiguration$JpaWebMvcConfiguration [main] spring.jpa.open-in-view is enabled by default. Therefore, database queries may be performed during view rendering. Explicitly configure spring.jpa.open-in-view to disable this warning
2019-01-30 20:02:36,999 INFO org.springframework.boot.autoconfigure.web.servlet.WelcomePageHandlerMapping [main] Adding welcome page template: index
2019-01-30 20:02:37,160 INFO org.springframework.security.web.DefaultSecurityFilterChain [main] Creating filter chain: any request, [org.springframework.security.web.context.request.async.WebAsyncManagerIntegrationFilter@523ade68, org.springframework.security.web.context.SecurityContextPersistenceFilter@3e839aa3, org.springframework.security.web.header.HeaderWriterFilter@31204303, org.springframework.security.web.csrf.CsrfFilter@6669cba, org.springframework.security.web.authentication.logout.LogoutFilter@4acc27fd, org.springframework.security.web.authentication.UsernamePasswordAuthenticationFilter@7c88d04f, org.springframework.security.web.savedrequest.RequestCacheAwareFilter@2919aff3, org.springframework.security.web.servletapi.SecurityContextHolderAwareRequestFilter@71d0b8a4, org.springframework.security.web.authentication.AnonymousAuthenticationFilter@b529d7e, org.springframework.security.web.session.SessionManagementFilter@81a8898, org.springframework.security.web.access.ExceptionTranslationFilter@511de4dd, org.springframework.security.web.access.intercept.FilterSecurityInterceptor@520ee6b3]
2019-01-30 20:02:37,403 INFO org.springframework.boot.actuate.endpoint.web.EndpointLinksResolver [main] Exposing 16 endpoint(s) beneath base path '/actuator'
2019-01-30 20:02:37,495 INFO org.apache.juli.logging.DirectJDKLog [main] Starting ProtocolHandler ["http-nio-8189"]
2019-01-30 20:02:37,503 INFO org.apache.juli.logging.DirectJDKLog [main] Using a shared selector for servlet write/read
2019-01-30 20:02:37,517 INFO org.springframework.boot.web.embedded.tomcat.TomcatWebServer [main] Tomcat started on port(s): 8189 (http) with context path '/geekmarket'
2019-01-30 20:02:37,519 INFO org.springframework.boot.StartupInfoLogger [main] Started GeekMarketApplication in 6.777 seconds (JVM running for 7.384)
2019-01-30 20:02:42,020 INFO org.apache.juli.logging.DirectJDKLog [http-nio-8189-exec-1] Initializing Spring DispatcherServlet 'dispatcherServlet'
2019-01-30 20:02:42,021 INFO org.springframework.web.servlet.FrameworkServlet [http-nio-8189-exec-1] Initializing Servlet 'dispatcherServlet'
2019-01-30 20:02:42,029 INFO org.springframework.web.servlet.FrameworkServlet [http-nio-8189-exec-1] Completed initialization in 8 ms
2019-01-30 20:02:42,988 INFO org.hibernate.hql.internal.QueryTranslatorFactoryInitiator [http-nio-8189-exec-4] HHH000397: Using ASTQueryTranslatorFactory
