2018-12-26 22:12:41,539 INFO org.springframework.boot.StartupInfoLogger [main] Starting GeekMarketApplication on Ivanez_New with PID 23984 (G:\Java\Projects\fisunov\lesson_5\geek-market\target\classes started by Ivan in G:\Java\Projects\fisunov\lesson_5\geek-market)
2018-12-26 22:12:41,543 DEBUG org.springframework.boot.StartupInfoLogger [main] Running with Spring Boot v2.1.0.RELEASE, Spring v5.1.2.RELEASE
2018-12-26 22:12:41,547 INFO org.springframework.boot.SpringApplication [main] No active profile set, falling back to default profiles: default
2018-12-26 22:12:43,352 INFO org.springframework.data.repository.config.RepositoryConfigurationDelegate [main] Bootstrapping Spring Data repositories in DEFAULT mode.
2018-12-26 22:12:43,446 INFO org.springframework.data.repository.config.RepositoryConfigurationDelegate [main] Finished Spring Data repository scanning in 86ms. Found 7 repository interfaces.
2018-12-26 22:12:43,931 INFO org.springframework.context.support.PostProcessorRegistrationDelegate$BeanPostProcessorChecker [main] Bean 'org.springframework.transaction.annotation.ProxyTransactionManagementConfiguration' of type [org.springframework.transaction.annotation.ProxyTransactionManagementConfiguration$$EnhancerBySpringCGLIB$$d19524fd] is not eligible for getting processed by all BeanPostProcessors (for example: not eligible for auto-proxying)
2018-12-26 22:12:44,049 INFO org.springframework.context.support.PostProcessorRegistrationDelegate$BeanPostProcessorChecker [main] Bean 'org.springframework.security.config.annotation.configuration.ObjectPostProcessorConfiguration' of type [org.springframework.security.config.annotation.configuration.ObjectPostProcessorConfiguration$$EnhancerBySpringCGLIB$$6a42ed37] is not eligible for getting processed by all BeanPostProcessors (for example: not eligible for auto-proxying)
2018-12-26 22:12:44,053 INFO org.springframework.context.support.PostProcessorRegistrationDelegate$BeanPostProcessorChecker [main] Bean 'objectPostProcessor' of type [org.springframework.security.config.annotation.configuration.AutowireBeanFactoryObjectPostProcessor] is not eligible for getting processed by all BeanPostProcessors (for example: not eligible for auto-proxying)
2018-12-26 22:12:44,057 INFO org.springframework.context.support.PostProcessorRegistrationDelegate$BeanPostProcessorChecker [main] Bean 'org.springframework.security.access.expression.method.DefaultMethodSecurityExpressionHandler@78525ef9' of type [org.springframework.security.access.expression.method.DefaultMethodSecurityExpressionHandler] is not eligible for getting processed by all BeanPostProcessors (for example: not eligible for auto-proxying)
2018-12-26 22:12:44,057 INFO org.springframework.context.support.PostProcessorRegistrationDelegate$BeanPostProcessorChecker [main] Bean 'org.springframework.security.config.annotation.method.configuration.GlobalMethodSecurityConfiguration' of type [org.springframework.security.config.annotation.method.configuration.GlobalMethodSecurityConfiguration$$EnhancerBySpringCGLIB$$8f178fe9] is not eligible for getting processed by all BeanPostProcessors (for example: not eligible for auto-proxying)
2018-12-26 22:12:44,065 INFO org.springframework.context.support.PostProcessorRegistrationDelegate$BeanPostProcessorChecker [main] Bean 'methodSecurityMetadataSource' of type [org.springframework.security.access.method.DelegatingMethodSecurityMetadataSource] is not eligible for getting processed by all BeanPostProcessors (for example: not eligible for auto-proxying)
2018-12-26 22:12:44,758 INFO org.springframework.boot.web.embedded.tomcat.TomcatWebServer [main] Tomcat initialized with port(s): 8189 (http)
2018-12-26 22:12:44,774 INFO org.apache.juli.logging.DirectJDKLog [main] Initializing ProtocolHandler ["http-nio-8189"]
2018-12-26 22:12:44,782 INFO org.apache.juli.logging.DirectJDKLog [main] Starting service [Tomcat]
2018-12-26 22:12:44,782 INFO org.apache.juli.logging.DirectJDKLog [main] Starting Servlet Engine: Apache Tomcat/9.0.12
2018-12-26 22:12:44,790 INFO org.apache.juli.logging.DirectJDKLog [main] The APR based Apache Tomcat Native library which allows optimal performance in production environments was not found on the java.library.path: [G:\Java\jdk1.8.0_144\bin;C:\WINDOWS\Sun\Java\bin;C:\WINDOWS\system32;C:\WINDOWS;C:\ProgramData\Oracle\Java\javapath;C:\Program Files (x86)\Intel\iCLS Client\;C:\Program Files\Intel\iCLS Client\;C:\Windows\system32;C:\Windows;C:\Windows\System32\Wbem;C:\Windows\System32\WindowsPowerShell\v1.0\;C:\Program Files\Intel\Intel(R) Management Engine Components\DAL;C:\Program Files\Intel\Intel(R) Management Engine Components\IPT;C:\Program Files (x86)\Intel\Intel(R) Management Engine Components\DAL;C:\Program Files (x86)\Intel\Intel(R) Management Engine Components\IPT;C:\Program Files (x86)\Paragon Software\Paragon ExtFS for Windows;C:\Program Files (x86)\NVIDIA Corporation\PhysX\Common;C:\Program Files (x86)\QuickTime\QTSystem\;C:\WINDOWS\system32;C:\WINDOWS;C:\WINDOWS\System32\Wbem;C:\WINDOWS\System32\WindowsPowerShell\v1.0\;C:\Program Files (x86)\Skype\Phone\;C:\Program Files\PuTTY\;C:\Program Files\MySQL\MySQL Utilities 1.6\;C:\Program Files (x86)\IVI Foundation\VISA\WinNT\Bin;C:\Program Files\WIDCOMM\Bluetooth Software\;C:\Program Files\WIDCOMM\Bluetooth Software\syswow64;G:\FPC\2.6.4\bin\i386-Win32;G:\Git\cmd;C:\WINDOWS\System32\OpenSSH\;C:\Program Files\nodejs\;C:\Program Files\Java\jdk1.8.0_152\bin;G:\apache-maven-3.5.4\bin;C:\Program Files (x86)\Brackets\command;C:\Users\Ivan\AppData\Local\Microsoft\WindowsApps;C:\Users\Ivan\AppData\Local\GitHubDesktop\bin;C:\Users\Ivan\AppData\Local\Microsoft\WindowsApps;C:\Users\Ivan\AppData\Roaming\npm;;G:\Microsoft VS Code\bin;.]
2018-12-26 22:12:44,936 INFO org.apache.juli.logging.DirectJDKLog [main] Initializing Spring embedded WebApplicationContext
2018-12-26 22:12:44,936 INFO org.springframework.boot.web.servlet.context.ServletWebServerApplicationContext [main] Root WebApplicationContext: initialization completed in 3348 ms
2018-12-26 22:12:45,428 INFO org.springframework.boot.web.servlet.AbstractFilterRegistrationBean [main] Mapping filter: 'characterEncodingFilter' to: [/*]
2018-12-26 22:12:45,428 INFO org.springframework.boot.web.servlet.AbstractFilterRegistrationBean [main] Mapping filter: 'webMvcMetricsFilter' to: [/*]
2018-12-26 22:12:45,428 INFO org.springframework.boot.web.servlet.AbstractFilterRegistrationBean [main] Mapping filter: 'hiddenHttpMethodFilter' to: [/*]
2018-12-26 22:12:45,428 INFO org.springframework.boot.web.servlet.AbstractFilterRegistrationBean [main] Mapping filter: 'formContentFilter' to: [/*]
2018-12-26 22:12:45,428 INFO org.springframework.boot.web.servlet.AbstractFilterRegistrationBean [main] Mapping filter: 'requestContextFilter' to: [/*]
2018-12-26 22:12:45,428 INFO org.springframework.boot.web.servlet.AbstractFilterRegistrationBean [main] Mapping filter: 'springSecurityFilterChain' to: [/*]
2018-12-26 22:12:45,432 INFO org.springframework.boot.web.servlet.AbstractFilterRegistrationBean [main] Mapping filter: 'httpTraceFilter' to: [/*]
2018-12-26 22:12:45,432 INFO org.springframework.boot.web.servlet.ServletRegistrationBean [main] Servlet dispatcherServlet mapped to [/]
2018-12-26 22:12:45,532 INFO org.flywaydb.core.internal.logging.slf4j.Slf4jLog [main] Flyway Community Edition 5.2.1 by Boxfuse
2018-12-26 22:12:45,541 INFO com.zaxxer.hikari.HikariDataSource [main] HikariPool-1 - Starting...
2018-12-26 22:12:45,783 INFO com.zaxxer.hikari.HikariDataSource [main] HikariPool-1 - Start completed.
2018-12-26 22:12:45,787 INFO org.flywaydb.core.internal.logging.slf4j.Slf4jLog [main] Database: jdbc:mysql://localhost:3306/geek_market (MySQL 5.7)
2018-12-26 22:12:45,880 INFO org.flywaydb.core.internal.logging.slf4j.Slf4jLog [main] Successfully validated 1 migration (execution time 00:00.055s)
2018-12-26 22:12:45,890 INFO org.flywaydb.core.internal.logging.slf4j.Slf4jLog [main] Current version of schema `geek_market`: 1
2018-12-26 22:12:45,890 INFO org.flywaydb.core.internal.logging.slf4j.Slf4jLog [main] Schema `geek_market` is up to date. No migration necessary.
2018-12-26 22:12:46,061 INFO org.hibernate.jpa.internal.util.LogHelper [main] HHH000204: Processing PersistenceUnitInfo [
	name: default
	...]
2018-12-26 22:12:46,163 INFO org.hibernate.Version [main] HHH000412: Hibernate Core {5.3.7.Final}
2018-12-26 22:12:46,163 INFO org.hibernate.cfg.Environment [main] HHH000206: hibernate.properties not found
2018-12-26 22:12:46,425 INFO org.hibernate.annotations.common.reflection.java.JavaReflectionManager [main] HCANN000001: Hibernate Commons Annotations {5.0.4.Final}
2018-12-26 22:12:46,687 INFO org.hibernate.dialect.Dialect [main] HHH000400: Using dialect: org.hibernate.dialect.MySQL5Dialect
2018-12-26 22:12:47,685 INFO org.springframework.orm.jpa.AbstractEntityManagerFactoryBean [main] Initialized JPA EntityManagerFactory for persistence unit 'default'
2018-12-26 22:12:48,495 INFO org.springframework.scheduling.concurrent.ExecutorConfigurationSupport [main] Initializing ExecutorService 'applicationTaskExecutor'
2018-12-26 22:12:48,557 WARN org.springframework.boot.autoconfigure.orm.jpa.JpaBaseConfiguration$JpaWebConfiguration$JpaWebMvcConfiguration [main] spring.jpa.open-in-view is enabled by default. Therefore, database queries may be performed during view rendering. Explicitly configure spring.jpa.open-in-view to disable this warning
2018-12-26 22:12:48,714 INFO org.springframework.boot.autoconfigure.web.servlet.WelcomePageHandlerMapping [main] Adding welcome page template: index
2018-12-26 22:12:48,899 INFO org.springframework.security.web.DefaultSecurityFilterChain [main] Creating filter chain: any request, [org.springframework.security.web.context.request.async.WebAsyncManagerIntegrationFilter@66716959, org.springframework.security.web.context.SecurityContextPersistenceFilter@1786150f, org.springframework.security.web.header.HeaderWriterFilter@2a16d393, org.springframework.security.web.csrf.CsrfFilter@61bf405d, org.springframework.security.web.authentication.logout.LogoutFilter@7b7cf475, org.springframework.security.web.authentication.UsernamePasswordAuthenticationFilter@47f0e078, org.springframework.security.web.savedrequest.RequestCacheAwareFilter@3ef089ce, org.springframework.security.web.servletapi.SecurityContextHolderAwareRequestFilter@5f803481, org.springframework.security.web.authentication.AnonymousAuthenticationFilter@34e07e65, org.springframework.security.web.session.SessionManagementFilter@414e8b31, org.springframework.security.web.access.ExceptionTranslationFilter@378c48c1, org.springframework.security.web.access.intercept.FilterSecurityInterceptor@321b7b9e]
2018-12-26 22:12:49,153 INFO org.springframework.boot.actuate.endpoint.web.EndpointLinksResolver [main] Exposing 16 endpoint(s) beneath base path '/actuator'
2018-12-26 22:12:49,238 INFO org.apache.juli.logging.DirectJDKLog [main] Starting ProtocolHandler ["http-nio-8189"]
2018-12-26 22:12:49,246 INFO org.apache.juli.logging.DirectJDKLog [main] Using a shared selector for servlet write/read
2018-12-26 22:12:49,260 INFO org.springframework.boot.web.embedded.tomcat.TomcatWebServer [main] Tomcat started on port(s): 8189 (http) with context path '/geekmarket'
2018-12-26 22:12:49,260 INFO org.springframework.boot.StartupInfoLogger [main] Started GeekMarketApplication in 8.322 seconds (JVM running for 9.885)
2018-12-26 22:13:04,994 INFO org.apache.juli.logging.DirectJDKLog [http-nio-8189-exec-1] Initializing Spring DispatcherServlet 'dispatcherServlet'
2018-12-26 22:13:04,995 INFO org.springframework.web.servlet.FrameworkServlet [http-nio-8189-exec-1] Initializing Servlet 'dispatcherServlet'
2018-12-26 22:13:05,006 INFO org.springframework.web.servlet.FrameworkServlet [http-nio-8189-exec-1] Completed initialization in 11 ms
2018-12-26 22:13:06,327 INFO org.hibernate.hql.internal.QueryTranslatorFactoryInitiator [http-nio-8189-exec-4] HHH000397: Using ASTQueryTranslatorFactory
