2019-01-31 01:37:26,028 INFO org.springframework.boot.StartupInfoLogger [main] Starting GeekMarketApplication on Ivanez_New with PID 14668 (G:\Java\Projects\fisunov\lesson_5\geek-market\target\classes started by Ivan in G:\Java\Projects\fisunov\lesson_5\geek-market)
2019-01-31 01:37:26,033 DEBUG org.springframework.boot.StartupInfoLogger [main] Running with Spring Boot v2.1.0.RELEASE, Spring v5.1.2.RELEASE
2019-01-31 01:37:26,035 INFO org.springframework.boot.SpringApplication [main] No active profile set, falling back to default profiles: default
2019-01-31 01:37:27,422 INFO org.springframework.data.repository.config.RepositoryConfigurationDelegate [main] Bootstrapping Spring Data repositories in DEFAULT mode.
2019-01-31 01:37:27,532 INFO org.springframework.data.repository.config.RepositoryConfigurationDelegate [main] Finished Spring Data repository scanning in 102ms. Found 7 repository interfaces.
2019-01-31 01:37:28,082 INFO org.springframework.context.support.PostProcessorRegistrationDelegate$BeanPostProcessorChecker [main] Bean 'org.springframework.transaction.annotation.ProxyTransactionManagementConfiguration' of type [org.springframework.transaction.annotation.ProxyTransactionManagementConfiguration$$EnhancerBySpringCGLIB$$fd576870] is not eligible for getting processed by all BeanPostProcessors (for example: not eligible for auto-proxying)
2019-01-31 01:37:28,222 INFO org.springframework.context.support.PostProcessorRegistrationDelegate$BeanPostProcessorChecker [main] Bean 'org.springframework.security.config.annotation.configuration.ObjectPostProcessorConfiguration' of type [org.springframework.security.config.annotation.configuration.ObjectPostProcessorConfiguration$$EnhancerBySpringCGLIB$$960530aa] is not eligible for getting processed by all BeanPostProcessors (for example: not eligible for auto-proxying)
2019-01-31 01:37:28,229 INFO org.springframework.context.support.PostProcessorRegistrationDelegate$BeanPostProcessorChecker [main] Bean 'objectPostProcessor' of type [org.springframework.security.config.annotation.configuration.AutowireBeanFactoryObjectPostProcessor] is not eligible for getting processed by all BeanPostProcessors (for example: not eligible for auto-proxying)
2019-01-31 01:37:28,231 INFO org.springframework.context.support.PostProcessorRegistrationDelegate$BeanPostProcessorChecker [main] Bean 'org.springframework.security.access.expression.method.DefaultMethodSecurityExpressionHandler@2d0ecb24' of type [org.springframework.security.access.expression.method.DefaultMethodSecurityExpressionHandler] is not eligible for getting processed by all BeanPostProcessors (for example: not eligible for auto-proxying)
2019-01-31 01:37:28,235 INFO org.springframework.context.support.PostProcessorRegistrationDelegate$BeanPostProcessorChecker [main] Bean 'org.springframework.security.config.annotation.method.configuration.GlobalMethodSecurityConfiguration' of type [org.springframework.security.config.annotation.method.configuration.GlobalMethodSecurityConfiguration$$EnhancerBySpringCGLIB$$bad9d35c] is not eligible for getting processed by all BeanPostProcessors (for example: not eligible for auto-proxying)
2019-01-31 01:37:28,240 INFO org.springframework.context.support.PostProcessorRegistrationDelegate$BeanPostProcessorChecker [main] Bean 'methodSecurityMetadataSource' of type [org.springframework.security.access.method.DelegatingMethodSecurityMetadataSource] is not eligible for getting processed by all BeanPostProcessors (for example: not eligible for auto-proxying)
2019-01-31 01:37:28,764 INFO org.springframework.boot.web.embedded.tomcat.TomcatWebServer [main] Tomcat initialized with port(s): 8189 (http)
2019-01-31 01:37:28,780 INFO org.apache.juli.logging.DirectJDKLog [main] Initializing ProtocolHandler ["http-nio-8189"]
2019-01-31 01:37:28,790 INFO org.apache.juli.logging.DirectJDKLog [main] Starting service [Tomcat]
2019-01-31 01:37:28,791 INFO org.apache.juli.logging.DirectJDKLog [main] Starting Servlet Engine: Apache Tomcat/9.0.12
2019-01-31 01:37:28,804 INFO org.apache.juli.logging.DirectJDKLog [main] The APR based Apache Tomcat Native library which allows optimal performance in production environments was not found on the java.library.path: [G:\Java\jdk1.8.0_144\bin;C:\WINDOWS\Sun\Java\bin;C:\WINDOWS\system32;C:\WINDOWS;C:\ProgramData\Oracle\Java\javapath;C:\Program Files (x86)\Intel\iCLS Client\;C:\Program Files\Intel\iCLS Client\;C:\Windows\system32;C:\Windows;C:\Windows\System32\Wbem;C:\Windows\System32\WindowsPowerShell\v1.0\;C:\Program Files\Intel\Intel(R) Management Engine Components\DAL;C:\Program Files\Intel\Intel(R) Management Engine Components\IPT;C:\Program Files (x86)\Intel\Intel(R) Management Engine Components\DAL;C:\Program Files (x86)\Intel\Intel(R) Management Engine Components\IPT;C:\Program Files (x86)\Paragon Software\Paragon ExtFS for Windows;C:\Program Files (x86)\NVIDIA Corporation\PhysX\Common;C:\Program Files (x86)\QuickTime\QTSystem\;C:\WINDOWS\system32;C:\WINDOWS;C:\WINDOWS\System32\Wbem;C:\WINDOWS\System32\WindowsPowerShell\v1.0\;C:\Program Files (x86)\Skype\Phone\;C:\Program Files\PuTTY\;C:\Program Files\MySQL\MySQL Utilities 1.6\;C:\Program Files (x86)\IVI Foundation\VISA\WinNT\Bin;C:\Program Files\WIDCOMM\Bluetooth Software\;C:\Program Files\WIDCOMM\Bluetooth Software\syswow64;G:\FPC\2.6.4\bin\i386-Win32;G:\Git\cmd;C:\WINDOWS\System32\OpenSSH\;C:\Program Files\nodejs\;C:\Program Files\Java\jdk1.8.0_152\bin;G:\apache-maven-3.5.4\bin;C:\Program Files (x86)\Brackets\command;C:\Users\Ivan\AppData\Local\Microsoft\WindowsApps;C:\Users\Ivan\AppData\Local\GitHubDesktop\bin;C:\Users\Ivan\AppData\Local\Microsoft\WindowsApps;C:\Users\Ivan\AppData\Roaming\npm;;G:\Microsoft VS Code\bin;.]
2019-01-31 01:37:29,301 INFO org.apache.juli.logging.DirectJDKLog [main] Initializing Spring embedded WebApplicationContext
2019-01-31 01:37:29,301 INFO org.springframework.boot.web.servlet.context.ServletWebServerApplicationContext [main] Root WebApplicationContext: initialization completed in 3221 ms
2019-01-31 01:37:29,732 INFO org.springframework.boot.web.servlet.AbstractFilterRegistrationBean [main] Mapping filter: 'characterEncodingFilter' to: [/*]
2019-01-31 01:37:29,732 INFO org.springframework.boot.web.servlet.AbstractFilterRegistrationBean [main] Mapping filter: 'webMvcMetricsFilter' to: [/*]
2019-01-31 01:37:29,733 INFO org.springframework.boot.web.servlet.AbstractFilterRegistrationBean [main] Mapping filter: 'hiddenHttpMethodFilter' to: [/*]
2019-01-31 01:37:29,733 INFO org.springframework.boot.web.servlet.AbstractFilterRegistrationBean [main] Mapping filter: 'formContentFilter' to: [/*]
2019-01-31 01:37:29,733 INFO org.springframework.boot.web.servlet.AbstractFilterRegistrationBean [main] Mapping filter: 'requestContextFilter' to: [/*]
2019-01-31 01:37:29,733 INFO org.springframework.boot.web.servlet.AbstractFilterRegistrationBean [main] Mapping filter: 'springSecurityFilterChain' to: [/*]
2019-01-31 01:37:29,734 INFO org.springframework.boot.web.servlet.AbstractFilterRegistrationBean [main] Mapping filter: 'httpTraceFilter' to: [/*]
2019-01-31 01:37:29,734 INFO org.springframework.boot.web.servlet.ServletRegistrationBean [main] Servlet dispatcherServlet mapped to [/]
2019-01-31 01:37:29,807 INFO org.flywaydb.core.internal.logging.slf4j.Slf4jLog [main] Flyway Community Edition 5.2.1 by Boxfuse
2019-01-31 01:37:29,817 INFO com.zaxxer.hikari.HikariDataSource [main] HikariPool-1 - Starting...
2019-01-31 01:37:30,029 INFO com.zaxxer.hikari.HikariDataSource [main] HikariPool-1 - Start completed.
2019-01-31 01:37:30,032 INFO org.flywaydb.core.internal.logging.slf4j.Slf4jLog [main] Database: jdbc:mysql://localhost:3306/geek_market (MySQL 5.7)
2019-01-31 01:37:30,110 INFO org.flywaydb.core.internal.logging.slf4j.Slf4jLog [main] Successfully validated 1 migration (execution time 00:00.033s)
2019-01-31 01:37:30,119 INFO org.flywaydb.core.internal.logging.slf4j.Slf4jLog [main] Current version of schema `geek_market`: 1
2019-01-31 01:37:30,119 INFO org.flywaydb.core.internal.logging.slf4j.Slf4jLog [main] Schema `geek_market` is up to date. No migration necessary.
2019-01-31 01:37:30,242 INFO org.hibernate.jpa.internal.util.LogHelper [main] HHH000204: Processing PersistenceUnitInfo [
	name: default
	...]
2019-01-31 01:37:30,317 INFO org.hibernate.Version [main] HHH000412: Hibernate Core {5.3.7.Final}
2019-01-31 01:37:30,319 INFO org.hibernate.cfg.Environment [main] HHH000206: hibernate.properties not found
2019-01-31 01:37:30,485 INFO org.hibernate.annotations.common.reflection.java.JavaReflectionManager [main] HCANN000001: Hibernate Commons Annotations {5.0.4.Final}
2019-01-31 01:37:30,679 INFO org.hibernate.dialect.Dialect [main] HHH000400: Using dialect: org.hibernate.dialect.MySQL5Dialect
2019-01-31 01:37:31,593 INFO org.springframework.orm.jpa.AbstractEntityManagerFactoryBean [main] Initialized JPA EntityManagerFactory for persistence unit 'default'
2019-01-31 01:37:32,318 INFO org.springframework.scheduling.concurrent.ExecutorConfigurationSupport [main] Initializing ExecutorService 'applicationTaskExecutor'
2019-01-31 01:37:32,375 WARN org.springframework.boot.autoconfigure.orm.jpa.JpaBaseConfiguration$JpaWebConfiguration$JpaWebMvcConfiguration [main] spring.jpa.open-in-view is enabled by default. Therefore, database queries may be performed during view rendering. Explicitly configure spring.jpa.open-in-view to disable this warning
2019-01-31 01:37:32,519 INFO org.springframework.boot.autoconfigure.web.servlet.WelcomePageHandlerMapping [main] Adding welcome page template: index
2019-01-31 01:37:32,703 INFO org.springframework.security.web.DefaultSecurityFilterChain [main] Creating filter chain: any request, [org.springframework.security.web.context.request.async.WebAsyncManagerIntegrationFilter@6315bb4, org.springframework.security.web.context.SecurityContextPersistenceFilter@2a16d393, org.springframework.security.web.header.HeaderWriterFilter@4d16975b, org.springframework.security.web.csrf.CsrfFilter@4f563f96, org.springframework.security.web.authentication.logout.LogoutFilter@5f803481, org.springframework.security.web.authentication.UsernamePasswordAuthenticationFilter@67396475, org.springframework.security.web.savedrequest.RequestCacheAwareFilter@414e8b31, org.springframework.security.web.servletapi.SecurityContextHolderAwareRequestFilter@4e3ffd0, org.springframework.security.web.authentication.AnonymousAuthenticationFilter@4682882a, org.springframework.security.web.session.SessionManagementFilter@378c48c1, org.springframework.security.web.access.ExceptionTranslationFilter@6df31abf, org.springframework.security.web.access.intercept.FilterSecurityInterceptor@142918a0]
2019-01-31 01:37:32,966 INFO org.springframework.boot.actuate.endpoint.web.EndpointLinksResolver [main] Exposing 16 endpoint(s) beneath base path '/actuator'
2019-01-31 01:37:33,071 INFO org.apache.juli.logging.DirectJDKLog [main] Starting ProtocolHandler ["http-nio-8189"]
2019-01-31 01:37:33,084 INFO org.apache.juli.logging.DirectJDKLog [main] Using a shared selector for servlet write/read
2019-01-31 01:37:33,098 INFO org.springframework.boot.web.embedded.tomcat.TomcatWebServer [main] Tomcat started on port(s): 8189 (http) with context path '/geekmarket'
2019-01-31 01:37:33,099 INFO org.springframework.boot.StartupInfoLogger [main] Started GeekMarketApplication in 7.36 seconds (JVM running for 8.194)
2019-01-31 01:37:40,994 INFO org.apache.juli.logging.DirectJDKLog [http-nio-8189-exec-1] Initializing Spring DispatcherServlet 'dispatcherServlet'
2019-01-31 01:37:40,995 INFO org.springframework.web.servlet.FrameworkServlet [http-nio-8189-exec-1] Initializing Servlet 'dispatcherServlet'
2019-01-31 01:37:41,004 INFO org.springframework.web.servlet.FrameworkServlet [http-nio-8189-exec-1] Completed initialization in 9 ms
2019-01-31 01:37:41,858 INFO org.hibernate.hql.internal.QueryTranslatorFactoryInitiator [http-nio-8189-exec-4] HHH000397: Using ASTQueryTranslatorFactory
2019-01-31 01:41:12,509 INFO org.springframework.boot.StartupInfoLogger [main] Starting GeekMarketApplication on Ivanez_New with PID 7880 (G:\Java\Projects\fisunov\lesson_5\geek-market\target\classes started by Ivan in G:\Java\Projects\fisunov\lesson_5\geek-market)
2019-01-31 01:41:12,513 DEBUG org.springframework.boot.StartupInfoLogger [main] Running with Spring Boot v2.1.0.RELEASE, Spring v5.1.2.RELEASE
2019-01-31 01:41:12,515 INFO org.springframework.boot.SpringApplication [main] No active profile set, falling back to default profiles: default
2019-01-31 01:41:13,610 INFO org.springframework.data.repository.config.RepositoryConfigurationDelegate [main] Bootstrapping Spring Data repositories in DEFAULT mode.
2019-01-31 01:41:13,710 INFO org.springframework.data.repository.config.RepositoryConfigurationDelegate [main] Finished Spring Data repository scanning in 91ms. Found 7 repository interfaces.
2019-01-31 01:41:14,241 INFO org.springframework.context.support.PostProcessorRegistrationDelegate$BeanPostProcessorChecker [main] Bean 'org.springframework.transaction.annotation.ProxyTransactionManagementConfiguration' of type [org.springframework.transaction.annotation.ProxyTransactionManagementConfiguration$$EnhancerBySpringCGLIB$$965ff71] is not eligible for getting processed by all BeanPostProcessors (for example: not eligible for auto-proxying)
2019-01-31 01:41:14,351 INFO org.springframework.context.support.PostProcessorRegistrationDelegate$BeanPostProcessorChecker [main] Bean 'org.springframework.security.config.annotation.configuration.ObjectPostProcessorConfiguration' of type [org.springframework.security.config.annotation.configuration.ObjectPostProcessorConfiguration$$EnhancerBySpringCGLIB$$a213c7ab] is not eligible for getting processed by all BeanPostProcessors (for example: not eligible for auto-proxying)
2019-01-31 01:41:14,357 INFO org.springframework.context.support.PostProcessorRegistrationDelegate$BeanPostProcessorChecker [main] Bean 'objectPostProcessor' of type [org.springframework.security.config.annotation.configuration.AutowireBeanFactoryObjectPostProcessor] is not eligible for getting processed by all BeanPostProcessors (for example: not eligible for auto-proxying)
2019-01-31 01:41:14,359 INFO org.springframework.context.support.PostProcessorRegistrationDelegate$BeanPostProcessorChecker [main] Bean 'org.springframework.security.access.expression.method.DefaultMethodSecurityExpressionHandler@1d0a61c8' of type [org.springframework.security.access.expression.method.DefaultMethodSecurityExpressionHandler] is not eligible for getting processed by all BeanPostProcessors (for example: not eligible for auto-proxying)
2019-01-31 01:41:14,363 INFO org.springframework.context.support.PostProcessorRegistrationDelegate$BeanPostProcessorChecker [main] Bean 'org.springframework.security.config.annotation.method.configuration.GlobalMethodSecurityConfiguration' of type [org.springframework.security.config.annotation.method.configuration.GlobalMethodSecurityConfiguration$$EnhancerBySpringCGLIB$$c6e86a5d] is not eligible for getting processed by all BeanPostProcessors (for example: not eligible for auto-proxying)
2019-01-31 01:41:14,369 INFO org.springframework.context.support.PostProcessorRegistrationDelegate$BeanPostProcessorChecker [main] Bean 'methodSecurityMetadataSource' of type [org.springframework.security.access.method.DelegatingMethodSecurityMetadataSource] is not eligible for getting processed by all BeanPostProcessors (for example: not eligible for auto-proxying)
2019-01-31 01:41:14,861 INFO org.springframework.boot.web.embedded.tomcat.TomcatWebServer [main] Tomcat initialized with port(s): 8189 (http)
2019-01-31 01:41:14,873 INFO org.apache.juli.logging.DirectJDKLog [main] Initializing ProtocolHandler ["http-nio-8189"]
2019-01-31 01:41:14,880 INFO org.apache.juli.logging.DirectJDKLog [main] Starting service [Tomcat]
2019-01-31 01:41:14,880 INFO org.apache.juli.logging.DirectJDKLog [main] Starting Servlet Engine: Apache Tomcat/9.0.12
2019-01-31 01:41:14,888 INFO org.apache.juli.logging.DirectJDKLog [main] The APR based Apache Tomcat Native library which allows optimal performance in production environments was not found on the java.library.path: [G:\Java\jdk1.8.0_144\bin;C:\WINDOWS\Sun\Java\bin;C:\WINDOWS\system32;C:\WINDOWS;C:\ProgramData\Oracle\Java\javapath;C:\Program Files (x86)\Intel\iCLS Client\;C:\Program Files\Intel\iCLS Client\;C:\Windows\system32;C:\Windows;C:\Windows\System32\Wbem;C:\Windows\System32\WindowsPowerShell\v1.0\;C:\Program Files\Intel\Intel(R) Management Engine Components\DAL;C:\Program Files\Intel\Intel(R) Management Engine Components\IPT;C:\Program Files (x86)\Intel\Intel(R) Management Engine Components\DAL;C:\Program Files (x86)\Intel\Intel(R) Management Engine Components\IPT;C:\Program Files (x86)\Paragon Software\Paragon ExtFS for Windows;C:\Program Files (x86)\NVIDIA Corporation\PhysX\Common;C:\Program Files (x86)\QuickTime\QTSystem\;C:\WINDOWS\system32;C:\WINDOWS;C:\WINDOWS\System32\Wbem;C:\WINDOWS\System32\WindowsPowerShell\v1.0\;C:\Program Files (x86)\Skype\Phone\;C:\Program Files\PuTTY\;C:\Program Files\MySQL\MySQL Utilities 1.6\;C:\Program Files (x86)\IVI Foundation\VISA\WinNT\Bin;C:\Program Files\WIDCOMM\Bluetooth Software\;C:\Program Files\WIDCOMM\Bluetooth Software\syswow64;G:\FPC\2.6.4\bin\i386-Win32;G:\Git\cmd;C:\WINDOWS\System32\OpenSSH\;C:\Program Files\nodejs\;C:\Program Files\Java\jdk1.8.0_152\bin;G:\apache-maven-3.5.4\bin;C:\Program Files (x86)\Brackets\command;C:\Users\Ivan\AppData\Local\Microsoft\WindowsApps;C:\Users\Ivan\AppData\Local\GitHubDesktop\bin;C:\Users\Ivan\AppData\Local\Microsoft\WindowsApps;C:\Users\Ivan\AppData\Roaming\npm;;G:\Microsoft VS Code\bin;.]
2019-01-31 01:41:14,998 INFO org.apache.juli.logging.DirectJDKLog [main] Initializing Spring embedded WebApplicationContext
2019-01-31 01:41:14,998 INFO org.springframework.boot.web.servlet.context.ServletWebServerApplicationContext [main] Root WebApplicationContext: initialization completed in 2434 ms
2019-01-31 01:41:15,431 INFO org.springframework.boot.web.servlet.AbstractFilterRegistrationBean [main] Mapping filter: 'characterEncodingFilter' to: [/*]
2019-01-31 01:41:15,431 INFO org.springframework.boot.web.servlet.AbstractFilterRegistrationBean [main] Mapping filter: 'webMvcMetricsFilter' to: [/*]
2019-01-31 01:41:15,431 INFO org.springframework.boot.web.servlet.AbstractFilterRegistrationBean [main] Mapping filter: 'hiddenHttpMethodFilter' to: [/*]
2019-01-31 01:41:15,432 INFO org.springframework.boot.web.servlet.AbstractFilterRegistrationBean [main] Mapping filter: 'formContentFilter' to: [/*]
2019-01-31 01:41:15,432 INFO org.springframework.boot.web.servlet.AbstractFilterRegistrationBean [main] Mapping filter: 'requestContextFilter' to: [/*]
2019-01-31 01:41:15,432 INFO org.springframework.boot.web.servlet.AbstractFilterRegistrationBean [main] Mapping filter: 'springSecurityFilterChain' to: [/*]
2019-01-31 01:41:15,433 INFO org.springframework.boot.web.servlet.AbstractFilterRegistrationBean [main] Mapping filter: 'httpTraceFilter' to: [/*]
2019-01-31 01:41:15,433 INFO org.springframework.boot.web.servlet.ServletRegistrationBean [main] Servlet dispatcherServlet mapped to [/]
2019-01-31 01:41:15,512 INFO org.flywaydb.core.internal.logging.slf4j.Slf4jLog [main] Flyway Community Edition 5.2.1 by Boxfuse
2019-01-31 01:41:15,521 INFO com.zaxxer.hikari.HikariDataSource [main] HikariPool-1 - Starting...
2019-01-31 01:41:15,730 INFO com.zaxxer.hikari.HikariDataSource [main] HikariPool-1 - Start completed.
2019-01-31 01:41:15,733 INFO org.flywaydb.core.internal.logging.slf4j.Slf4jLog [main] Database: jdbc:mysql://localhost:3306/geek_market (MySQL 5.7)
2019-01-31 01:41:15,792 INFO org.flywaydb.core.internal.logging.slf4j.Slf4jLog [main] Successfully validated 1 migration (execution time 00:00.026s)
2019-01-31 01:41:15,802 INFO org.flywaydb.core.internal.logging.slf4j.Slf4jLog [main] Current version of schema `geek_market`: 1
2019-01-31 01:41:15,803 INFO org.flywaydb.core.internal.logging.slf4j.Slf4jLog [main] Schema `geek_market` is up to date. No migration necessary.
2019-01-31 01:41:15,938 INFO org.hibernate.jpa.internal.util.LogHelper [main] HHH000204: Processing PersistenceUnitInfo [
	name: default
	...]
2019-01-31 01:41:16,020 INFO org.hibernate.Version [main] HHH000412: Hibernate Core {5.3.7.Final}
2019-01-31 01:41:16,022 INFO org.hibernate.cfg.Environment [main] HHH000206: hibernate.properties not found
2019-01-31 01:41:16,176 INFO org.hibernate.annotations.common.reflection.java.JavaReflectionManager [main] HCANN000001: Hibernate Commons Annotations {5.0.4.Final}
2019-01-31 01:41:16,348 INFO org.hibernate.dialect.Dialect [main] HHH000400: Using dialect: org.hibernate.dialect.MySQL5Dialect
2019-01-31 01:41:17,245 INFO org.springframework.orm.jpa.AbstractEntityManagerFactoryBean [main] Initialized JPA EntityManagerFactory for persistence unit 'default'
2019-01-31 01:41:17,977 INFO org.springframework.scheduling.concurrent.ExecutorConfigurationSupport [main] Initializing ExecutorService 'applicationTaskExecutor'
2019-01-31 01:41:18,031 WARN org.springframework.boot.autoconfigure.orm.jpa.JpaBaseConfiguration$JpaWebConfiguration$JpaWebMvcConfiguration [main] spring.jpa.open-in-view is enabled by default. Therefore, database queries may be performed during view rendering. Explicitly configure spring.jpa.open-in-view to disable this warning
2019-01-31 01:41:18,177 INFO org.springframework.boot.autoconfigure.web.servlet.WelcomePageHandlerMapping [main] Adding welcome page template: index
2019-01-31 01:41:18,345 INFO org.springframework.security.web.DefaultSecurityFilterChain [main] Creating filter chain: any request, [org.springframework.security.web.context.request.async.WebAsyncManagerIntegrationFilter@b529d7e, org.springframework.security.web.context.SecurityContextPersistenceFilter@24955144, org.springframework.security.web.header.HeaderWriterFilter@639948a2, org.springframework.security.web.csrf.CsrfFilter@6669cba, org.springframework.security.web.authentication.logout.LogoutFilter@38394dc3, org.springframework.security.web.authentication.UsernamePasswordAuthenticationFilter@71df5f30, org.springframework.security.web.savedrequest.RequestCacheAwareFilter@740ad32e, org.springframework.security.web.servletapi.SecurityContextHolderAwareRequestFilter@32298473, org.springframework.security.web.authentication.AnonymousAuthenticationFilter@3664c596, org.springframework.security.web.session.SessionManagementFilter@696298ea, org.springframework.security.web.access.ExceptionTranslationFilter@751bb780, org.springframework.security.web.access.intercept.FilterSecurityInterceptor@70700b8a]
2019-01-31 01:41:18,568 INFO org.springframework.boot.actuate.endpoint.web.EndpointLinksResolver [main] Exposing 16 endpoint(s) beneath base path '/actuator'
2019-01-31 01:41:18,647 INFO org.apache.juli.logging.DirectJDKLog [main] Starting ProtocolHandler ["http-nio-8189"]
2019-01-31 01:41:18,657 INFO org.apache.juli.logging.DirectJDKLog [main] Using a shared selector for servlet write/read
2019-01-31 01:41:18,671 INFO org.springframework.boot.web.embedded.tomcat.TomcatWebServer [main] Tomcat started on port(s): 8189 (http) with context path '/geekmarket'
2019-01-31 01:41:18,673 INFO org.springframework.boot.StartupInfoLogger [main] Started GeekMarketApplication in 6.48 seconds (JVM running for 7.071)
2019-01-31 01:41:37,592 INFO org.apache.juli.logging.DirectJDKLog [http-nio-8189-exec-1] Initializing Spring DispatcherServlet 'dispatcherServlet'
2019-01-31 01:41:37,592 INFO org.springframework.web.servlet.FrameworkServlet [http-nio-8189-exec-1] Initializing Servlet 'dispatcherServlet'
2019-01-31 01:41:37,600 INFO org.springframework.web.servlet.FrameworkServlet [http-nio-8189-exec-1] Completed initialization in 7 ms
2019-01-31 01:41:38,356 INFO org.hibernate.hql.internal.QueryTranslatorFactoryInitiator [http-nio-8189-exec-4] HHH000397: Using ASTQueryTranslatorFactory
